{"/home/travis/build/npmtest/node-npmtest-i/test.js":{"path":"/home/travis/build/npmtest/node-npmtest-i/test.js","s":{"1":2,"2":2,"3":2,"4":2,"5":2,"6":2,"7":2,"8":1,"9":2,"10":2,"11":1,"12":1,"13":1,"14":1,"15":2,"16":2,"17":2,"18":2,"19":1,"20":1,"21":2,"22":2,"23":2,"24":1,"25":1,"26":1,"27":1,"28":1,"29":1,"30":1,"31":1,"32":1,"33":1,"34":1,"35":1,"36":1,"37":1,"38":1,"39":2,"40":2,"41":1,"42":2,"43":2,"44":1,"45":2,"46":2,"47":1,"48":2,"49":2,"50":1,"51":1,"52":1,"53":1,"54":1},"b":{"1":[2,1,1,1],"2":[1,1,1,1],"3":[1,1],"4":[1,1],"5":[1,1],"6":[1,1],"7":[1,1],"8":[1,1],"9":[1,1],"10":[1,1,1],"11":[1,1],"12":[1,1],"13":[1,1],"14":[1,1],"15":[1,1],"16":[1,1],"17":[1,1]},"f":{"1":2,"2":2,"3":2,"4":2,"5":2,"6":1,"7":1,"8":1,"9":2,"10":2,"11":2,"12":2,"13":1},"fnMap":{"1":{"name":"(anonymous_1)","line":12,"loc":{"start":{"line":12,"column":1},"end":{"line":12,"column":13}}},"2":{"name":"(anonymous_2)","line":19,"loc":{"start":{"line":19,"column":5},"end":{"line":19,"column":17}}},"3":{"name":"(anonymous_3)","line":23,"loc":{"start":{"line":23,"column":24},"end":{"line":23,"column":36}}},"4":{"name":"(anonymous_4)","line":61,"loc":{"start":{"line":61,"column":5},"end":{"line":61,"column":17}}},"5":{"name":"(anonymous_5)","line":82,"loc":{"start":{"line":82,"column":5},"end":{"line":82,"column":17}}},"6":{"name":"(anonymous_6)","line":91,"loc":{"start":{"line":91,"column":77},"end":{"line":94,"column":10}}},"7":{"name":"(anonymous_7)","line":112,"loc":{"start":{"line":112,"column":83},"end":{"line":115,"column":10}},"skip":true},"8":{"name":"(anonymous_8)","line":123,"loc":{"start":{"line":123,"column":77},"end":{"line":126,"column":10}},"skip":true},"9":{"name":"(anonymous_9)","line":139,"loc":{"start":{"line":139,"column":12},"end":{"line":139,"column":40}},"skip":true},"10":{"name":"(anonymous_10)","line":147,"loc":{"start":{"line":147,"column":77},"end":{"line":150,"column":10}},"skip":true},"11":{"name":"(anonymous_11)","line":158,"loc":{"start":{"line":158,"column":83},"end":{"line":161,"column":10}},"skip":true},"12":{"name":"(anonymous_12)","line":169,"loc":{"start":{"line":169,"column":79},"end":{"line":172,"column":10}},"skip":true},"13":{"name":"(anonymous_13)","line":180,"loc":{"start":{"line":180,"column":75},"end":{"line":183,"column":10}},"skip":true}},"statementMap":{"1":{"start":{"line":12,"column":0},"end":{"line":195,"column":5}},"2":{"start":{"line":14,"column":4},"end":{"line":14,"column":14}},"3":{"start":{"line":19,"column":4},"end":{"line":56,"column":9}},"4":{"start":{"line":21,"column":8},"end":{"line":21,"column":19}},"5":{"start":{"line":23,"column":8},"end":{"line":35,"column":13}},"6":{"start":{"line":24,"column":12},"end":{"line":34,"column":13}},"7":{"start":{"line":25,"column":16},"end":{"line":28,"column":30}},"8":{"start":{"line":30,"column":16},"end":{"line":33,"column":27}},"9":{"start":{"line":37,"column":8},"end":{"line":39,"column":21}},"10":{"start":{"line":40,"column":8},"end":{"line":53,"column":9}},"11":{"start":{"line":43,"column":12},"end":{"line":46,"column":14}},"12":{"start":{"line":47,"column":12},"end":{"line":47,"column":18}},"13":{"start":{"line":50,"column":12},"end":{"line":51,"column":46}},"14":{"start":{"line":52,"column":12},"end":{"line":52,"column":18}},"15":{"start":{"line":55,"column":8},"end":{"line":55,"column":35}},"16":{"start":{"line":61,"column":4},"end":{"line":63,"column":9}},"17":{"start":{"line":62,"column":8},"end":{"line":62,"column":15}},"18":{"start":{"line":64,"column":4},"end":{"line":77,"column":5}},"19":{"start":{"line":70,"column":8},"end":{"line":70,"column":14}},"20":{"start":{"line":76,"column":8},"end":{"line":76,"column":14}},"21":{"start":{"line":82,"column":4},"end":{"line":84,"column":9}},"22":{"start":{"line":83,"column":8},"end":{"line":83,"column":15}},"23":{"start":{"line":85,"column":4},"end":{"line":194,"column":5}},"24":{"start":{"line":91,"column":8},"end":{"line":99,"column":10}},"25":{"start":{"line":98,"column":12},"end":{"line":98,"column":35}},"26":{"start":{"line":102,"column":8},"end":{"line":104,"column":63}},"27":{"start":{"line":105,"column":8},"end":{"line":105,"column":14}},"28":{"start":{"line":112,"column":8},"end":{"line":121,"column":10},"skip":true},"29":{"start":{"line":119,"column":12},"end":{"line":119,"column":55},"skip":true},"30":{"start":{"line":120,"column":12},"end":{"line":120,"column":48},"skip":true},"31":{"start":{"line":123,"column":8},"end":{"line":136,"column":10},"skip":true},"32":{"start":{"line":130,"column":12},"end":{"line":130,"column":76},"skip":true},"33":{"start":{"line":131,"column":12},"end":{"line":131,"column":73},"skip":true},"34":{"start":{"line":132,"column":12},"end":{"line":132,"column":74},"skip":true},"35":{"start":{"line":133,"column":12},"end":{"line":133,"column":79},"skip":true},"36":{"start":{"line":134,"column":12},"end":{"line":134,"column":25},"skip":true},"37":{"start":{"line":135,"column":12},"end":{"line":135,"column":45},"skip":true},"38":{"start":{"line":138,"column":8},"end":{"line":145,"column":14},"skip":true},"39":{"start":{"line":143,"column":16},"end":{"line":143,"column":29},"skip":true},"40":{"start":{"line":144,"column":16},"end":{"line":144,"column":55},"skip":true},"41":{"start":{"line":147,"column":8},"end":{"line":156,"column":10},"skip":true},"42":{"start":{"line":154,"column":12},"end":{"line":154,"column":25},"skip":true},"43":{"start":{"line":155,"column":12},"end":{"line":155,"column":45},"skip":true},"44":{"start":{"line":158,"column":8},"end":{"line":167,"column":10},"skip":true},"45":{"start":{"line":165,"column":12},"end":{"line":165,"column":25},"skip":true},"46":{"start":{"line":166,"column":12},"end":{"line":166,"column":48},"skip":true},"47":{"start":{"line":169,"column":8},"end":{"line":178,"column":10},"skip":true},"48":{"start":{"line":176,"column":12},"end":{"line":176,"column":25},"skip":true},"49":{"start":{"line":177,"column":12},"end":{"line":177,"column":46},"skip":true},"50":{"start":{"line":180,"column":8},"end":{"line":189,"column":10},"skip":true},"51":{"start":{"line":187,"column":12},"end":{"line":187,"column":94},"skip":true},"52":{"start":{"line":188,"column":12},"end":{"line":188,"column":48},"skip":true},"53":{"start":{"line":192,"column":8},"end":{"line":192,"column":35},"skip":true},"54":{"start":{"line":193,"column":8},"end":{"line":193,"column":14},"skip":true}},"branchMap":{"1":{"line":25,"type":"binary-expr","locations":[{"start":{"line":25,"column":23},"end":{"line":25,"column":62}},{"start":{"line":26,"column":20},"end":{"line":26,"column":70}},{"start":{"line":27,"column":20},"end":{"line":27,"column":71}},{"start":{"line":28,"column":20},"end":{"line":28,"column":29}}]},"2":{"line":30,"type":"binary-expr","locations":[{"start":{"line":30,"column":23},"end":{"line":30,"column":37}},{"start":{"line":31,"column":20},"end":{"line":31,"column":61}},{"start":{"line":32,"column":20},"end":{"line":32,"column":70}},{"start":{"line":33,"column":20},"end":{"line":33,"column":26}}]},"3":{"line":37,"type":"cond-expr","locations":[{"start":{"line":38,"column":14},"end":{"line":38,"column":20}},{"start":{"line":39,"column":14},"end":{"line":39,"column":20}}]},"4":{"line":40,"type":"switch","locations":[{"start":{"line":42,"column":8},"end":{"line":47,"column":18}},{"start":{"line":49,"column":8},"end":{"line":52,"column":18}}]},"5":{"line":44,"type":"binary-expr","locations":[{"start":{"line":44,"column":16},"end":{"line":44,"column":44}},{"start":{"line":44,"column":48},"end":{"line":44,"column":66}}]},"6":{"line":50,"type":"binary-expr","locations":[{"start":{"line":50,"column":21},"end":{"line":50,"column":49}},{"start":{"line":50,"column":53},"end":{"line":50,"column":72}}]},"7":{"line":64,"type":"switch","locations":[{"start":{"line":69,"column":4},"end":{"line":70,"column":14}},{"start":{"line":75,"column":4},"end":{"line":76,"column":14}}]},"8":{"line":85,"type":"switch","locations":[{"start":{"line":90,"column":4},"end":{"line":105,"column":14}},{"start":{"line":111,"column":4},"end":{"line":193,"column":14},"skip":true}]},"9":{"line":91,"type":"binary-expr","locations":[{"start":{"line":91,"column":42},"end":{"line":91,"column":73}},{"start":{"line":91,"column":77},"end":{"line":99,"column":9}}]},"10":{"line":102,"type":"binary-expr","locations":[{"start":{"line":102,"column":18},"end":{"line":102,"column":32}},{"start":{"line":103,"column":12},"end":{"line":103,"column":53}},{"start":{"line":104,"column":12},"end":{"line":104,"column":61}}]},"11":{"line":112,"type":"binary-expr","locations":[{"start":{"line":112,"column":45},"end":{"line":112,"column":79},"skip":true},{"start":{"line":112,"column":83},"end":{"line":121,"column":9},"skip":true}]},"12":{"line":123,"type":"binary-expr","locations":[{"start":{"line":123,"column":42},"end":{"line":123,"column":73},"skip":true},{"start":{"line":123,"column":77},"end":{"line":136,"column":9},"skip":true}]},"13":{"line":138,"type":"binary-expr","locations":[{"start":{"line":138,"column":48},"end":{"line":138,"column":85},"skip":true},{"start":{"line":139,"column":12},"end":{"line":145,"column":13},"skip":true}]},"14":{"line":147,"type":"binary-expr","locations":[{"start":{"line":147,"column":42},"end":{"line":147,"column":73},"skip":true},{"start":{"line":147,"column":77},"end":{"line":156,"column":9},"skip":true}]},"15":{"line":158,"type":"binary-expr","locations":[{"start":{"line":158,"column":45},"end":{"line":158,"column":79},"skip":true},{"start":{"line":158,"column":83},"end":{"line":167,"column":9},"skip":true}]},"16":{"line":169,"type":"binary-expr","locations":[{"start":{"line":169,"column":43},"end":{"line":169,"column":75},"skip":true},{"start":{"line":169,"column":79},"end":{"line":178,"column":9},"skip":true}]},"17":{"line":180,"type":"binary-expr","locations":[{"start":{"line":180,"column":41},"end":{"line":180,"column":71},"skip":true},{"start":{"line":180,"column":75},"end":{"line":189,"column":9},"skip":true}]}},"code":["/* istanbul instrument in package npmtest_i */","/*jslint","    bitwise: true,","    browser: true,","    maxerr: 8,","    maxlen: 96,","    node: true,","    nomen: true,","    regexp: true,","    stupid: true","*/","(function () {","    'use strict';","    var local;","","","","    // run shared js-env code - pre-init","    (function () {","        // init local","        local = {};","        // init modeJs","        local.modeJs = (function () {","            try {","                return typeof navigator.userAgent === 'string' &&","                    typeof document.querySelector('body') === 'object' &&","                    typeof XMLHttpRequest.prototype.open === 'function' &&","                    'browser';","            } catch (errorCaughtBrowser) {","                return module.exports &&","                    typeof process.versions.node === 'string' &&","                    typeof require('http').createServer === 'function' &&","                    'node';","            }","        }());","        // init global","        local.global = local.modeJs === 'browser'","            ? window","            : global;","        switch (local.modeJs) {","        // re-init local from window.local","        case 'browser':","            local = local.global.utility2.objectSetDefault(","                local.global.utility2_rollup || local.global.local,","                local.global.utility2","            );","            break;","        // re-init local from example.js","        case 'node':","            local = (local.global.utility2_rollup || require('utility2'))","                .requireExampleJsFromReadme();","            break;","        }","        // export local","        local.global.local = local;","    }());","","","","    // run shared js-env code - function","    (function () {","        return;","    }());","    switch (local.modeJs) {","","","","    // run browser js-env code - function","    case 'browser':","        break;","","","","    // run node js-env code - function","    case 'node':","        break;","    }","","","","    // run shared js-env code - post-init","    (function () {","        return;","    }());","    switch (local.modeJs) {","","","","    // run browser js-env code - post-init","    case 'browser':","        local.testCase_browser_nullCase = local.testCase_browser_nullCase || function (","            options,","            onError","        ) {","        /*","         * this function will test browsers's null-case handling-behavior-behavior","         */","            onError(null, options);","        };","","        // run tests","        local.nop(local.modeTest &&","            document.querySelector('#testRunButton1') &&","            document.querySelector('#testRunButton1').click());","        break;","","","","    // run node js-env code - post-init","    /* istanbul ignore next */","    case 'node':","        local.testCase_buildApidoc_default = local.testCase_buildApidoc_default || function (","            options,","            onError","        ) {","        /*","         * this function will test buildApidoc's default handling-behavior-behavior","         */","            options = { modulePathList: module.paths };","            local.buildApidoc(options, onError);","        };","","        local.testCase_buildApp_default = local.testCase_buildApp_default || function (","            options,","            onError","        ) {","        /*","         * this function will test buildApp's default handling-behavior-behavior","         */","            local.testCase_buildReadme_default(options, local.onErrorThrow);","            local.testCase_buildLib_default(options, local.onErrorThrow);","            local.testCase_buildTest_default(options, local.onErrorThrow);","            local.testCase_buildCustomOrg_default(options, local.onErrorThrow);","            options = [];","            local.buildApp(options, onError);","        };","","        local.testCase_buildCustomOrg_default = local.testCase_buildCustomOrg_default ||","            function (options, onError) {","            /*","             * this function will test buildCustomOrg's default handling-behavior","             */","                options = {};","                local.buildCustomOrg(options, onError);","            };","","        local.testCase_buildLib_default = local.testCase_buildLib_default || function (","            options,","            onError","        ) {","        /*","         * this function will test buildLib's default handling-behavior","         */","            options = {};","            local.buildLib(options, onError);","        };","","        local.testCase_buildReadme_default = local.testCase_buildReadme_default || function (","            options,","            onError","        ) {","        /*","         * this function will test buildReadme's default handling-behavior-behavior","         */","            options = {};","            local.buildReadme(options, onError);","        };","","        local.testCase_buildTest_default = local.testCase_buildTest_default || function (","            options,","            onError","        ) {","        /*","         * this function will test buildTest's default handling-behavior","         */","            options = {};","            local.buildTest(options, onError);","        };","","        local.testCase_webpage_default = local.testCase_webpage_default || function (","            options,","            onError","        ) {","        /*","         * this function will test webpage's default handling-behavior","         */","            options = { modeCoverageMerge: true, url: local.serverLocalHost + '?modeTest=1' };","            local.browserTest(options, onError);","        };","","        // run test-server","        local.testRunServer(local);","        break;","    }","}());",""],"l":{"12":2,"14":2,"19":2,"21":2,"23":2,"24":2,"25":2,"30":1,"37":2,"40":2,"43":1,"47":1,"50":1,"52":1,"55":2,"61":2,"62":2,"64":2,"70":1,"76":1,"82":2,"83":2,"85":2,"91":1,"98":1,"102":1,"105":1,"112":1,"119":1,"120":1,"123":1,"130":1,"131":1,"132":1,"133":1,"134":1,"135":1,"138":1,"143":2,"144":2,"147":1,"154":2,"155":2,"158":1,"165":2,"166":2,"169":1,"176":2,"177":2,"180":1,"187":1,"188":1,"192":1,"193":1}},"/home/travis/build/npmtest/node-npmtest-i/lib.npmtest_i.js":{"path":"/home/travis/build/npmtest/node-npmtest-i/lib.npmtest_i.js","s":{"1":2,"2":2,"3":2,"4":2,"5":2,"6":2,"7":2,"8":1,"9":2,"10":2,"11":2,"12":2,"13":1,"14":1,"15":1,"16":1},"b":{"1":[2,1,1,1],"2":[1,1,1,1],"3":[1,1],"4":[2,2],"5":[1,1]},"f":{"1":2,"2":2,"3":2},"fnMap":{"1":{"name":"(anonymous_1)","line":12,"loc":{"start":{"line":12,"column":1},"end":{"line":12,"column":13}}},"2":{"name":"(anonymous_2)","line":19,"loc":{"start":{"line":19,"column":5},"end":{"line":19,"column":17}}},"3":{"name":"(anonymous_3)","line":23,"loc":{"start":{"line":23,"column":24},"end":{"line":23,"column":36}}}},"statementMap":{"1":{"start":{"line":12,"column":0},"end":{"line":53,"column":5}},"2":{"start":{"line":14,"column":4},"end":{"line":14,"column":14}},"3":{"start":{"line":19,"column":4},"end":{"line":52,"column":9}},"4":{"start":{"line":21,"column":8},"end":{"line":21,"column":19}},"5":{"start":{"line":23,"column":8},"end":{"line":35,"column":13}},"6":{"start":{"line":24,"column":12},"end":{"line":34,"column":13}},"7":{"start":{"line":25,"column":16},"end":{"line":28,"column":30}},"8":{"start":{"line":30,"column":16},"end":{"line":33,"column":27}},"9":{"start":{"line":37,"column":8},"end":{"line":39,"column":21}},"10":{"start":{"line":41,"column":8},"end":{"line":41,"column":54}},"11":{"start":{"line":43,"column":8},"end":{"line":43,"column":46}},"12":{"start":{"line":45,"column":8},"end":{"line":51,"column":9}},"13":{"start":{"line":46,"column":12},"end":{"line":46,"column":52}},"14":{"start":{"line":48,"column":12},"end":{"line":48,"column":35}},"15":{"start":{"line":49,"column":12},"end":{"line":49,"column":49}},"16":{"start":{"line":50,"column":12},"end":{"line":50,"column":43}}},"branchMap":{"1":{"line":25,"type":"binary-expr","locations":[{"start":{"line":25,"column":23},"end":{"line":25,"column":62}},{"start":{"line":26,"column":20},"end":{"line":26,"column":70}},{"start":{"line":27,"column":20},"end":{"line":27,"column":71}},{"start":{"line":28,"column":20},"end":{"line":28,"column":29}}]},"2":{"line":30,"type":"binary-expr","locations":[{"start":{"line":30,"column":23},"end":{"line":30,"column":37}},{"start":{"line":31,"column":20},"end":{"line":31,"column":61}},{"start":{"line":32,"column":20},"end":{"line":32,"column":70}},{"start":{"line":33,"column":20},"end":{"line":33,"column":26}}]},"3":{"line":37,"type":"cond-expr","locations":[{"start":{"line":38,"column":14},"end":{"line":38,"column":20}},{"start":{"line":39,"column":14},"end":{"line":39,"column":20}}]},"4":{"line":41,"type":"binary-expr","locations":[{"start":{"line":41,"column":16},"end":{"line":41,"column":44}},{"start":{"line":41,"column":48},"end":{"line":41,"column":53}}]},"5":{"line":45,"type":"if","locations":[{"start":{"line":45,"column":8},"end":{"line":45,"column":8}},{"start":{"line":45,"column":8},"end":{"line":45,"column":8}}]}},"code":["/* istanbul instrument in package npmtest_i */","/*jslint","    bitwise: true,","    browser: true,","    maxerr: 8,","    maxlen: 96,","    node: true,","    nomen: true,","    regexp: true,","    stupid: true","*/","(function () {","    'use strict';","    var local;","","","","    // run shared js-env code - pre-init","    (function () {","        // init local","        local = {};","        // init modeJs","        local.modeJs = (function () {","            try {","                return typeof navigator.userAgent === 'string' &&","                    typeof document.querySelector('body') === 'object' &&","                    typeof XMLHttpRequest.prototype.open === 'function' &&","                    'browser';","            } catch (errorCaughtBrowser) {","                return module.exports &&","                    typeof process.versions.node === 'string' &&","                    typeof require('http').createServer === 'function' &&","                    'node';","            }","        }());","        // init global","        local.global = local.modeJs === 'browser'","            ? window","            : global;","        // init utility2_rollup","        local = local.global.utility2_rollup || local;","        // init lib","        local.local = local.npmtest_i = local;","        // init exports","        if (local.modeJs === 'browser') {","            local.global.utility2_npmtest_i = local;","        } else {","            module.exports = local;","            module.exports.__dirname = __dirname;","            module.exports.module = module;","        }","    }());","}());",""],"l":{"12":2,"14":2,"19":2,"21":2,"23":2,"24":2,"25":2,"30":1,"37":2,"41":2,"43":2,"45":2,"46":1,"48":1,"49":1,"50":1}},"/home/travis/build/npmtest/node-npmtest-i/example.js":{"path":"/home/travis/build/npmtest/node-npmtest-i/example.js","s":{"1":2,"2":2,"3":2,"4":2,"5":2,"6":2,"7":2,"8":1,"9":2,"10":2,"11":2,"12":2,"13":1,"14":2,"15":2,"16":2,"17":2,"18":2,"19":0,"20":2,"21":1,"22":1,"23":1,"24":1,"25":1,"26":0,"27":0,"28":1,"29":1,"30":2,"31":0,"32":0,"33":0,"34":1,"35":2,"36":2,"37":3,"38":3,"39":3,"40":3,"41":0,"42":3,"43":3,"44":3,"45":1,"46":3,"47":1,"48":1,"49":1,"50":1,"51":1,"52":1,"53":1,"54":1,"55":1,"56":1,"57":0,"58":1,"59":6,"60":6,"61":1,"62":2,"63":0,"64":2,"65":1,"66":1,"67":0,"68":0,"69":0,"70":0,"71":0,"72":0,"73":0,"74":0,"75":0,"76":0,"77":0,"78":0,"79":0,"80":0,"81":0,"82":0,"83":0},"b":{"1":[2,1,1,1],"2":[1,1,1,1],"3":[1,1],"4":[2,2],"5":[1,1],"6":[1,1],"7":[2,0],"8":[2,1,1,1,1,1],"9":[0,2,0],"10":[1,1],"11":[2,1,1],"12":[1,0],"13":[0,2],"14":[2,0,0,0,0,0,0],"15":[0,3],"16":[3,0],"17":[1,1],"18":[0,1],"19":[1,2,0,2],"20":[1,0],"21":[1,1],"22":[0,0],"23":[0,0],"24":[0,0],"25":[0,0],"26":[0,0],"27":[0,0],"28":[0,0]},"f":{"1":2,"2":2,"3":2,"4":2,"5":2,"6":2,"7":3,"8":3,"9":3,"10":1,"11":6,"12":0},"fnMap":{"1":{"name":"(anonymous_1)","line":26,"loc":{"start":{"line":26,"column":1},"end":{"line":26,"column":13}}},"2":{"name":"(anonymous_2)","line":33,"loc":{"start":{"line":33,"column":5},"end":{"line":33,"column":17}}},"3":{"name":"(anonymous_3)","line":37,"loc":{"start":{"line":37,"column":24},"end":{"line":37,"column":36}}},"4":{"name":"(anonymous_4)","line":69,"loc":{"start":{"line":69,"column":31},"end":{"line":69,"column":48}},"skip":true},"5":{"name":"(anonymous_5)","line":78,"loc":{"start":{"line":78,"column":26},"end":{"line":78,"column":45}},"skip":true},"6":{"name":"(anonymous_6)","line":123,"loc":{"start":{"line":123,"column":33},"end":{"line":123,"column":48}},"skip":true},"7":{"name":"(anonymous_7)","line":125,"loc":{"start":{"line":125,"column":27},"end":{"line":125,"column":39}},"skip":true},"8":{"name":"(anonymous_8)","line":133,"loc":{"start":{"line":133,"column":59},"end":{"line":133,"column":74}},"skip":true},"9":{"name":"(anonymous_9)","line":143,"loc":{"start":{"line":143,"column":45},"end":{"line":143,"column":62}},"skip":true},"10":{"name":"(anonymous_10)","line":144,"loc":{"start":{"line":144,"column":73},"end":{"line":144,"column":92}},"skip":true},"11":{"name":"(anonymous_11)","line":272,"loc":{"start":{"line":272,"column":51},"end":{"line":272,"column":77}},"skip":true},"12":{"name":"(anonymous_12)","line":315,"loc":{"start":{"line":315,"column":32},"end":{"line":315,"column":61}},"skip":true}},"statementMap":{"1":{"start":{"line":26,"column":0},"end":{"line":326,"column":5}},"2":{"start":{"line":28,"column":4},"end":{"line":28,"column":14}},"3":{"start":{"line":33,"column":4},"end":{"line":60,"column":9}},"4":{"start":{"line":35,"column":8},"end":{"line":35,"column":19}},"5":{"start":{"line":37,"column":8},"end":{"line":49,"column":13}},"6":{"start":{"line":38,"column":12},"end":{"line":48,"column":13}},"7":{"start":{"line":39,"column":16},"end":{"line":42,"column":30}},"8":{"start":{"line":44,"column":16},"end":{"line":47,"column":27}},"9":{"start":{"line":51,"column":8},"end":{"line":53,"column":21}},"10":{"start":{"line":55,"column":8},"end":{"line":57,"column":45}},"11":{"start":{"line":59,"column":8},"end":{"line":59,"column":35}},"12":{"start":{"line":61,"column":4},"end":{"line":325,"column":5}},"13":{"start":{"line":69,"column":8},"end":{"line":121,"column":10},"skip":true},"14":{"start":{"line":70,"column":12},"end":{"line":88,"column":13},"skip":true},"15":{"start":{"line":76,"column":16},"end":{"line":87,"column":19},"skip":true},"16":{"start":{"line":79,"column":20},"end":{"line":86,"column":21},"skip":true},"17":{"start":{"line":82,"column":24},"end":{"line":82,"column":43},"skip":true},"18":{"start":{"line":83,"column":24},"end":{"line":83,"column":30},"skip":true},"19":{"start":{"line":85,"column":24},"end":{"line":85,"column":49},"skip":true},"20":{"start":{"line":89,"column":12},"end":{"line":107,"column":13},"skip":true},"21":{"start":{"line":92,"column":16},"end":{"line":102,"column":17},"skip":true},"22":{"start":{"line":93,"column":20},"end":{"line":93,"column":86},"skip":true},"23":{"start":{"line":94,"column":20},"end":{"line":95,"column":45},"skip":true},"24":{"start":{"line":96,"column":20},"end":{"line":96,"column":42},"skip":true},"25":{"start":{"line":97,"column":20},"end":{"line":97,"column":48},"skip":true},"26":{"start":{"line":100,"column":20},"end":{"line":100,"column":85},"skip":true},"27":{"start":{"line":101,"column":20},"end":{"line":101,"column":96},"skip":true},"28":{"start":{"line":103,"column":16},"end":{"line":103,"column":22},"skip":true},"29":{"start":{"line":106,"column":16},"end":{"line":106,"column":22},"skip":true},"30":{"start":{"line":108,"column":12},"end":{"line":120,"column":13},"skip":true},"31":{"start":{"line":114,"column":16},"end":{"line":119,"column":17},"skip":true},"32":{"start":{"line":116,"column":20},"end":{"line":116,"column":78},"skip":true},"33":{"start":{"line":118,"column":20},"end":{"line":118,"column":47},"skip":true},"34":{"start":{"line":123,"column":8},"end":{"line":141,"column":11},"skip":true},"35":{"start":{"line":124,"column":12},"end":{"line":124,"column":54},"skip":true},"36":{"start":{"line":125,"column":12},"end":{"line":140,"column":14},"skip":true},"37":{"start":{"line":126,"column":16},"end":{"line":126,"column":28},"skip":true},"38":{"start":{"line":127,"column":16},"end":{"line":127,"column":69},"skip":true},"39":{"start":{"line":128,"column":16},"end":{"line":128,"column":75},"skip":true},"40":{"start":{"line":129,"column":16},"end":{"line":131,"column":17},"skip":true},"41":{"start":{"line":130,"column":20},"end":{"line":130,"column":27},"skip":true},"42":{"start":{"line":133,"column":16},"end":{"line":137,"column":36},"skip":true},"43":{"start":{"line":134,"column":20},"end":{"line":136,"column":55},"skip":true},"44":{"start":{"line":139,"column":16},"end":{"line":139,"column":57},"skip":true},"45":{"start":{"line":143,"column":8},"end":{"line":147,"column":11},"skip":true},"46":{"start":{"line":144,"column":12},"end":{"line":146,"column":15},"skip":true},"47":{"start":{"line":145,"column":16},"end":{"line":145,"column":70},"skip":true},"48":{"start":{"line":149,"column":8},"end":{"line":149,"column":31},"skip":true},"49":{"start":{"line":150,"column":8},"end":{"line":150,"column":14},"skip":true},"50":{"start":{"line":158,"column":8},"end":{"line":158,"column":31},"skip":true},"51":{"start":{"line":160,"column":8},"end":{"line":160,"column":33},"skip":true},"52":{"start":{"line":161,"column":8},"end":{"line":161,"column":37},"skip":true},"53":{"start":{"line":162,"column":8},"end":{"line":162,"column":35},"skip":true},"54":{"start":{"line":164,"column":8},"end":{"line":164,"column":50},"skip":true},"55":{"start":{"line":166,"column":8},"end":{"line":256,"column":2},"skip":true},"56":{"start":{"line":258,"column":8},"end":{"line":286,"column":9},"skip":true},"57":{"start":{"line":259,"column":12},"end":{"line":269,"column":14},"skip":true},"58":{"start":{"line":271,"column":12},"end":{"line":285,"column":19},"skip":true},"59":{"start":{"line":274,"column":20},"end":{"line":274,"column":35},"skip":true},"60":{"start":{"line":275,"column":20},"end":{"line":284,"column":21},"skip":true},"61":{"start":{"line":277,"column":24},"end":{"line":277,"column":64},"skip":true},"62":{"start":{"line":279,"column":24},"end":{"line":279,"column":40},"skip":true},"63":{"start":{"line":281,"column":24},"end":{"line":281,"column":40},"skip":true},"64":{"start":{"line":283,"column":24},"end":{"line":283,"column":39},"skip":true},"65":{"start":{"line":288,"column":8},"end":{"line":290,"column":9},"skip":true},"66":{"start":{"line":289,"column":12},"end":{"line":289,"column":18},"skip":true},"67":{"start":{"line":291,"column":8},"end":{"line":293,"column":54},"skip":true},"68":{"start":{"line":296,"column":8},"end":{"line":301,"column":37},"skip":true},"69":{"start":{"line":303,"column":8},"end":{"line":303,"column":82},"skip":true},"70":{"start":{"line":306,"column":8},"end":{"line":308,"column":9},"skip":true},"71":{"start":{"line":307,"column":12},"end":{"line":307,"column":82},"skip":true},"72":{"start":{"line":310,"column":8},"end":{"line":312,"column":9},"skip":true},"73":{"start":{"line":311,"column":12},"end":{"line":311,"column":18},"skip":true},"74":{"start":{"line":313,"column":8},"end":{"line":313,"column":54},"skip":true},"75":{"start":{"line":314,"column":8},"end":{"line":314,"column":69},"skip":true},"76":{"start":{"line":315,"column":8},"end":{"line":323,"column":36},"skip":true},"77":{"start":{"line":316,"column":12},"end":{"line":316,"column":61},"skip":true},"78":{"start":{"line":317,"column":12},"end":{"line":320,"column":13},"skip":true},"79":{"start":{"line":318,"column":16},"end":{"line":318,"column":75},"skip":true},"80":{"start":{"line":319,"column":16},"end":{"line":319,"column":23},"skip":true},"81":{"start":{"line":321,"column":12},"end":{"line":321,"column":38},"skip":true},"82":{"start":{"line":322,"column":12},"end":{"line":322,"column":27},"skip":true},"83":{"start":{"line":324,"column":8},"end":{"line":324,"column":14},"skip":true}},"branchMap":{"1":{"line":39,"type":"binary-expr","locations":[{"start":{"line":39,"column":23},"end":{"line":39,"column":62}},{"start":{"line":40,"column":20},"end":{"line":40,"column":70}},{"start":{"line":41,"column":20},"end":{"line":41,"column":71}},{"start":{"line":42,"column":20},"end":{"line":42,"column":29}}]},"2":{"line":44,"type":"binary-expr","locations":[{"start":{"line":44,"column":23},"end":{"line":44,"column":37}},{"start":{"line":45,"column":20},"end":{"line":45,"column":61}},{"start":{"line":46,"column":20},"end":{"line":46,"column":70}},{"start":{"line":47,"column":20},"end":{"line":47,"column":26}}]},"3":{"line":51,"type":"cond-expr","locations":[{"start":{"line":52,"column":14},"end":{"line":52,"column":20}},{"start":{"line":53,"column":14},"end":{"line":53,"column":20}}]},"4":{"line":55,"type":"binary-expr","locations":[{"start":{"line":55,"column":16},"end":{"line":55,"column":44}},{"start":{"line":55,"column":49},"end":{"line":57,"column":43}}]},"5":{"line":55,"type":"cond-expr","locations":[{"start":{"line":56,"column":14},"end":{"line":56,"column":45}},{"start":{"line":57,"column":14},"end":{"line":57,"column":43}}]},"6":{"line":61,"type":"switch","locations":[{"start":{"line":68,"column":4},"end":{"line":150,"column":14},"skip":true},{"start":{"line":156,"column":4},"end":{"line":324,"column":14},"skip":true}]},"7":{"line":70,"type":"if","locations":[{"start":{"line":70,"column":12},"end":{"line":70,"column":12},"skip":true},{"start":{"line":70,"column":12},"end":{"line":70,"column":12},"skip":true}]},"8":{"line":70,"type":"binary-expr","locations":[{"start":{"line":70,"column":16},"end":{"line":70,"column":22},"skip":true},{"start":{"line":70,"column":27},"end":{"line":70,"column":32},"skip":true},{"start":{"line":71,"column":20},"end":{"line":71,"column":39},"skip":true},{"start":{"line":72,"column":20},"end":{"line":72,"column":49},"skip":true},{"start":{"line":73,"column":20},"end":{"line":73,"column":58},"skip":true},{"start":{"line":74,"column":20},"end":{"line":74,"column":69},"skip":true}]},"9":{"line":79,"type":"switch","locations":[{"start":{"line":80,"column":20},"end":{"line":80,"column":33},"skip":true},{"start":{"line":81,"column":20},"end":{"line":83,"column":30},"skip":true},{"start":{"line":84,"column":20},"end":{"line":85,"column":49},"skip":true}]},"10":{"line":89,"type":"switch","locations":[{"start":{"line":90,"column":12},"end":{"line":103,"column":22},"skip":true},{"start":{"line":105,"column":12},"end":{"line":106,"column":22},"skip":true}]},"11":{"line":89,"type":"binary-expr","locations":[{"start":{"line":89,"column":20},"end":{"line":89,"column":25},"skip":true},{"start":{"line":89,"column":29},"end":{"line":89,"column":48},"skip":true},{"start":{"line":89,"column":52},"end":{"line":89,"column":74},"skip":true}]},"12":{"line":92,"type":"if","locations":[{"start":{"line":92,"column":16},"end":{"line":92,"column":16},"skip":true},{"start":{"line":92,"column":16},"end":{"line":92,"column":16},"skip":true}]},"13":{"line":108,"type":"if","locations":[{"start":{"line":108,"column":12},"end":{"line":108,"column":12},"skip":true},{"start":{"line":108,"column":12},"end":{"line":108,"column":12},"skip":true}]},"14":{"line":108,"type":"binary-expr","locations":[{"start":{"line":108,"column":16},"end":{"line":108,"column":61},"skip":true},{"start":{"line":108,"column":66},"end":{"line":108,"column":72},"skip":true},{"start":{"line":108,"column":77},"end":{"line":108,"column":82},"skip":true},{"start":{"line":109,"column":20},"end":{"line":109,"column":39},"skip":true},{"start":{"line":110,"column":20},"end":{"line":110,"column":49},"skip":true},{"start":{"line":111,"column":20},"end":{"line":111,"column":58},"skip":true},{"start":{"line":112,"column":20},"end":{"line":112,"column":68},"skip":true}]},"15":{"line":129,"type":"if","locations":[{"start":{"line":129,"column":16},"end":{"line":129,"column":16},"skip":true},{"start":{"line":129,"column":16},"end":{"line":129,"column":16},"skip":true}]},"16":{"line":134,"type":"cond-expr","locations":[{"start":{"line":135,"column":26},"end":{"line":135,"column":29},"skip":true},{"start":{"line":136,"column":26},"end":{"line":136,"column":54},"skip":true}]},"17":{"line":164,"type":"binary-expr","locations":[{"start":{"line":164,"column":27},"end":{"line":164,"column":43},"skip":true},{"start":{"line":164,"column":47},"end":{"line":164,"column":49},"skip":true}]},"18":{"line":258,"type":"if","locations":[{"start":{"line":258,"column":8},"end":{"line":258,"column":8},"skip":true},{"start":{"line":258,"column":8},"end":{"line":258,"column":8},"skip":true}]},"19":{"line":275,"type":"switch","locations":[{"start":{"line":276,"column":20},"end":{"line":277,"column":64},"skip":true},{"start":{"line":278,"column":20},"end":{"line":279,"column":40},"skip":true},{"start":{"line":280,"column":20},"end":{"line":281,"column":40},"skip":true},{"start":{"line":282,"column":20},"end":{"line":283,"column":39},"skip":true}]},"20":{"line":288,"type":"if","locations":[{"start":{"line":288,"column":8},"end":{"line":288,"column":8},"skip":true},{"start":{"line":288,"column":8},"end":{"line":288,"column":8},"skip":true}]},"21":{"line":288,"type":"binary-expr","locations":[{"start":{"line":288,"column":12},"end":{"line":288,"column":40},"skip":true},{"start":{"line":288,"column":44},"end":{"line":288,"column":67},"skip":true}]},"22":{"line":292,"type":"binary-expr","locations":[{"start":{"line":292,"column":12},"end":{"line":292,"column":50},"skip":true},{"start":{"line":293,"column":12},"end":{"line":293,"column":53},"skip":true}]},"23":{"line":297,"type":"binary-expr","locations":[{"start":{"line":297,"column":12},"end":{"line":297,"column":59},"skip":true},{"start":{"line":298,"column":12},"end":{"line":301,"column":36},"skip":true}]},"24":{"line":303,"type":"binary-expr","locations":[{"start":{"line":303,"column":43},"end":{"line":303,"column":75},"skip":true},{"start":{"line":303,"column":79},"end":{"line":303,"column":81},"skip":true}]},"25":{"line":306,"type":"if","locations":[{"start":{"line":306,"column":8},"end":{"line":306,"column":8},"skip":true},{"start":{"line":306,"column":8},"end":{"line":306,"column":8},"skip":true}]},"26":{"line":310,"type":"if","locations":[{"start":{"line":310,"column":8},"end":{"line":310,"column":8},"skip":true},{"start":{"line":310,"column":8},"end":{"line":310,"column":8},"skip":true}]},"27":{"line":313,"type":"binary-expr","locations":[{"start":{"line":313,"column":27},"end":{"line":313,"column":43},"skip":true},{"start":{"line":313,"column":47},"end":{"line":313,"column":53},"skip":true}]},"28":{"line":317,"type":"if","locations":[{"start":{"line":317,"column":12},"end":{"line":317,"column":12},"skip":true},{"start":{"line":317,"column":12},"end":{"line":317,"column":12},"skip":true}]}},"code":["/*","example.js","","quickstart example","","instruction","    1. save this script as example.js","    2. run the shell command:","        $ npm install npmtest-i && PORT=8081 node example.js","    3. play with the browser-demo on http://127.0.0.1:8081","*/","","","","/* istanbul instrument in package npmtest_i */","/*jslint","    bitwise: true,","    browser: true,","    maxerr: 8,","    maxlen: 96,","    node: true,","    nomen: true,","    regexp: true,","    stupid: true","*/","(function () {","    'use strict';","    var local;","","","","    // run shared js-env code - pre-init","    (function () {","        // init local","        local = {};","        // init modeJs","        local.modeJs = (function () {","            try {","                return typeof navigator.userAgent === 'string' &&","                    typeof document.querySelector('body') === 'object' &&","                    typeof XMLHttpRequest.prototype.open === 'function' &&","                    'browser';","            } catch (errorCaughtBrowser) {","                return module.exports &&","                    typeof process.versions.node === 'string' &&","                    typeof require('http').createServer === 'function' &&","                    'node';","            }","        }());","        // init global","        local.global = local.modeJs === 'browser'","            ? window","            : global;","        // init utility2_rollup","        local = local.global.utility2_rollup || (local.modeJs === 'browser'","            ? local.global.utility2_npmtest_i","            : global.utility2_moduleExports);","        // export local","        local.global.local = local;","    }());","    switch (local.modeJs) {","","","","    // post-init","    // run browser js-env code - post-init","    /* istanbul ignore next */","    case 'browser':","        local.testRunBrowser = function (event) {","            if (!event || (event &&","                    event.currentTarget &&","                    event.currentTarget.className &&","                    event.currentTarget.className.includes &&","                    event.currentTarget.className.includes('onreset'))) {","                // reset output","                Array.from(","                    document.querySelectorAll('body > .resettable')","                ).forEach(function (element) {","                    switch (element.tagName) {","                    case 'INPUT':","                    case 'TEXTAREA':","                        element.value = '';","                        break;","                    default:","                        element.textContent = '';","                    }","                });","            }","            switch (event && event.currentTarget && event.currentTarget.id) {","            case 'testRunButton1':","                // show tests","                if (document.querySelector('#testReportDiv1').style.display === 'none') {","                    document.querySelector('#testReportDiv1').style.display = 'block';","                    document.querySelector('#testRunButton1').textContent =","                        'hide internal test';","                    local.modeTest = true;","                    local.testRunDefault(local);","                // hide tests","                } else {","                    document.querySelector('#testReportDiv1').style.display = 'none';","                    document.querySelector('#testRunButton1').textContent = 'run internal test';","                }","                break;","            // custom-case","            default:","                break;","            }","            if (document.querySelector('#inputTextareaEval1') && (!event || (event &&","                    event.currentTarget &&","                    event.currentTarget.className &&","                    event.currentTarget.className.includes &&","                    event.currentTarget.className.includes('oneval')))) {","                // try to eval input-code","                try {","                    /*jslint evil: true*/","                    eval(document.querySelector('#inputTextareaEval1').value);","                } catch (errorCaught) {","                    console.error(errorCaught);","                }","            }","        };","        // log stderr and stdout to #outputTextareaStdout1","        ['error', 'log'].forEach(function (key) {","            console[key + '_original'] = console[key];","            console[key] = function () {","                var element;","                console[key + '_original'].apply(console, arguments);","                element = document.querySelector('#outputTextareaStdout1');","                if (!element) {","                    return;","                }","                // append text to #outputTextareaStdout1","                element.value += Array.from(arguments).map(function (arg) {","                    return typeof arg === 'string'","                        ? arg","                        : JSON.stringify(arg, null, 4);","                }).join(' ') + '\\n';","                // scroll textarea to bottom","                element.scrollTop = element.scrollHeight;","            };","        });","        // init event-handling","        ['change', 'click', 'keyup'].forEach(function (event) {","            Array.from(document.querySelectorAll('.on' + event)).forEach(function (element) {","                element.addEventListener(event, local.testRunBrowser);","            });","        });","        // run tests","        local.testRunBrowser();","        break;","","","","    // run node js-env code - post-init","    /* istanbul ignore next */","    case 'node':","        // export local","        module.exports = local;","        // require modules","        local.fs = require('fs');","        local.http = require('http');","        local.url = require('url');","        // init assets","        local.assetsDict = local.assetsDict || {};","        /* jslint-ignore-begin */","        local.assetsDict['/assets.index.template.html'] = '\\","<!doctype html>\\n\\","<html lang=\"en\">\\n\\","<head>\\n\\","<meta charset=\"UTF-8\">\\n\\","<meta name=\"viewport\" content=\"width=device-width, initial-scale=1\">\\n\\","<title>{{env.npm_package_name}} (v{{env.npm_package_version}})</title>\\n\\","<style>\\n\\","/*csslint\\n\\","    box-sizing: false,\\n\\","    universal-selector: false\\n\\","*/\\n\\","* {\\n\\","    box-sizing: border-box;\\n\\","}\\n\\","body {\\n\\","    background: #dde;\\n\\","    font-family: Arial, Helvetica, sans-serif;\\n\\","    margin: 2rem;\\n\\","}\\n\\","body > * {\\n\\","    margin-bottom: 1rem;\\n\\","}\\n\\",".utility2FooterDiv {\\n\\","    margin-top: 20px;\\n\\","    text-align: center;\\n\\","}\\n\\","</style>\\n\\","<style>\\n\\","/*csslint\\n\\","*/\\n\\","textarea {\\n\\","    font-family: monospace;\\n\\","    height: 10rem;\\n\\","    width: 100%;\\n\\","}\\n\\","textarea[readonly] {\\n\\","    background: #ddd;\\n\\","}\\n\\","</style>\\n\\","</head>\\n\\","<body>\\n\\","<!-- utility2-comment\\n\\","<div id=\"ajaxProgressDiv1\" style=\"background: #d00; height: 2px; left: 0; margin: 0; padding: 0; position: fixed; top: 0; transition: background 0.5s, width 1.5s; width: 25%;\"></div>\\n\\","utility2-comment -->\\n\\","<h1>\\n\\","<!-- utility2-comment\\n\\","    <a\\n\\","        {{#if env.npm_package_homepage}}\\n\\","        href=\"{{env.npm_package_homepage}}\"\\n\\","        {{/if env.npm_package_homepage}}\\n\\","        target=\"_blank\"\\n\\","    >\\n\\","utility2-comment -->\\n\\","        {{env.npm_package_name}} (v{{env.npm_package_version}})\\n\\","<!-- utility2-comment\\n\\","    </a>\\n\\","utility2-comment -->\\n\\","</h1>\\n\\","<h3>{{env.npm_package_description}}</h3>\\n\\","<!-- utility2-comment\\n\\","<h4><a download href=\"assets.app.js\">download standalone app</a></h4>\\n\\","<button class=\"onclick onreset\" id=\"testRunButton1\">run internal test</button><br>\\n\\","<div id=\"testReportDiv1\" style=\"display: none;\"></div>\\n\\","utility2-comment -->\\n\\","\\n\\","\\n\\","\\n\\","<label>stderr and stdout</label>\\n\\","<textarea class=\"resettable\" id=\"outputTextareaStdout1\" readonly></textarea>\\n\\","<!-- utility2-comment\\n\\","{{#if isRollup}}\\n\\","<script src=\"assets.app.js\"></script>\\n\\","{{#unless isRollup}}\\n\\","utility2-comment -->\\n\\","<script src=\"assets.utility2.rollup.js\"></script>\\n\\","<script src=\"jsonp.utility2._stateInit?callback=window.utility2._stateInit\"></script>\\n\\","<script src=\"assets.npmtest_i.rollup.js\"></script>\\n\\","<script src=\"assets.example.js\"></script>\\n\\","<script src=\"assets.test.js\"></script>\\n\\","<!-- utility2-comment\\n\\","{{/if isRollup}}\\n\\","utility2-comment -->\\n\\","<div class=\"utility2FooterDiv\">\\n\\","    [ this app was created with\\n\\","    <a href=\"https://github.com/kaizhu256/node-utility2\" target=\"_blank\">utility2</a>\\n\\","    ]\\n\\","</div>\\n\\","</body>\\n\\","</html>\\n\\","';","        /* jslint-ignore-end */","        if (local.templateRender) {","            local.assetsDict['/'] = local.templateRender(","                local.assetsDict['/assets.index.template.html'],","                {","                    env: local.objectSetDefault(local.env, {","                        npm_package_description: 'the greatest app in the world!',","                        npm_package_name: 'my-app',","                        npm_package_nameAlias: 'my_app',","                        npm_package_version: '0.0.1'","                    })","                }","            );","        } else {","            local.assetsDict['/'] = local.assetsDict['/assets.index.template.html']","                .replace((/\\{\\{env\\.(\\w+?)\\}\\}/g), function (match0, match1) {","                    // jslint-hack","                    String(match0);","                    switch (match1) {","                    case 'npm_package_description':","                        return 'the greatest app in the world!';","                    case 'npm_package_name':","                        return 'my-app';","                    case 'npm_package_nameAlias':","                        return 'my_app';","                    case 'npm_package_version':","                        return '0.0.1';","                    }","                });","        }","        // run the cli","        if (local.global.utility2_rollup || module !== require.main) {","            break;","        }","        local.assetsDict['/assets.example.js'] =","            local.assetsDict['/assets.example.js'] ||","            local.fs.readFileSync(__filename, 'utf8');","        // bug-workaround - long $npm_package_buildCustomOrg","        /* jslint-ignore-begin */","        local.assetsDict['/assets.npmtest_i.rollup.js'] =","            local.assetsDict['/assets.npmtest_i.rollup.js'] ||","            local.fs.readFileSync(","                local.npmtest_i.__dirname + '/lib.npmtest_i.js',","                'utf8'","            ).replace((/^#!/), '//');","        /* jslint-ignore-end */","        local.assetsDict['/favicon.ico'] = local.assetsDict['/favicon.ico'] || '';","        // if $npm_config_timeout_exit exists,","        // then exit this process after $npm_config_timeout_exit ms","        if (Number(process.env.npm_config_timeout_exit)) {","            setTimeout(process.exit, Number(process.env.npm_config_timeout_exit));","        }","        // start server","        if (local.global.utility2_serverHttp1) {","            break;","        }","        process.env.PORT = process.env.PORT || '8081';","        console.error('server starting on port ' + process.env.PORT);","        local.http.createServer(function (request, response) {","            request.urlParsed = local.url.parse(request.url);","            if (local.assetsDict[request.urlParsed.pathname] !== undefined) {","                response.end(local.assetsDict[request.urlParsed.pathname]);","                return;","            }","            response.statusCode = 404;","            response.end();","        }).listen(process.env.PORT);","        break;","    }","}());",""],"l":{"26":2,"28":2,"33":2,"35":2,"37":2,"38":2,"39":2,"44":1,"51":2,"55":2,"59":2,"61":2,"69":1,"70":2,"76":2,"79":2,"82":2,"83":2,"85":1,"89":2,"92":1,"93":1,"94":1,"96":1,"97":1,"100":1,"101":1,"103":1,"106":1,"108":2,"114":1,"116":1,"118":1,"123":1,"124":2,"125":2,"126":3,"127":3,"128":3,"129":3,"130":1,"133":3,"134":3,"139":3,"143":1,"144":3,"145":1,"149":1,"150":1,"158":1,"160":1,"161":1,"162":1,"164":1,"166":1,"258":1,"259":1,"271":1,"274":6,"275":6,"277":1,"279":2,"281":1,"283":2,"288":1,"289":1,"291":1,"296":1,"303":1,"306":1,"307":1,"310":1,"311":1,"313":1,"314":1,"315":1,"316":1,"317":1,"318":1,"319":1,"321":1,"322":1,"324":1}},"/home/travis/build/npmtest/node-npmtest-i/node_modules/i/lib/inflect.js":{"path":"/home/travis/build/npmtest/node-npmtest-i/node_modules/i/lib/inflect.js","s":{"1":1,"2":0,"3":0,"4":0,"5":0},"b":{"1":[0,0]},"f":{"1":0},"fnMap":{"1":{"name":"(anonymous_1)","line":3,"loc":{"start":{"line":3,"column":17},"end":{"line":3,"column":35}}}},"statementMap":{"1":{"start":{"line":3,"column":0},"end":{"line":11,"column":2}},"2":{"start":{"line":4,"column":2},"end":{"line":4,"column":37}},"3":{"start":{"line":6,"column":2},"end":{"line":8,"column":3}},"4":{"start":{"line":7,"column":4},"end":{"line":7,"column":33}},"5":{"start":{"line":10,"column":2},"end":{"line":10,"column":16}}},"branchMap":{"1":{"line":6,"type":"if","locations":[{"start":{"line":6,"column":2},"end":{"line":6,"column":2}},{"start":{"line":6,"column":2},"end":{"line":6,"column":2}}]}},"code":["// Requiring modules","","module.exports = function (attach) {","  var methods = require('./methods');","","  if (attach) {","    require('./native')(methods);","  }","","  return methods","};",""],"l":{"3":1,"4":0,"6":0,"7":0,"10":0}},"/home/travis/build/npmtest/node-npmtest-i/node_modules/i/lib/defaults.js":{"path":"/home/travis/build/npmtest/node-npmtest-i/node_modules/i/lib/defaults.js","s":{"1":1,"2":1,"3":1,"4":1,"5":1,"6":1,"7":1,"8":1,"9":1,"10":1,"11":1,"12":1,"13":1,"14":1,"15":1,"16":1,"17":1,"18":1,"19":1,"20":1,"21":1,"22":1,"23":1,"24":1,"25":1,"26":1,"27":1,"28":1,"29":1,"30":1,"31":1,"32":1,"33":1,"34":1,"35":1,"36":1,"37":1,"38":1,"39":1,"40":1,"41":1,"42":1,"43":1,"44":1,"45":1,"46":1,"47":1,"48":1,"49":1,"50":1,"51":1,"52":1,"53":1,"54":1,"55":1,"56":1,"57":1,"58":1,"59":1,"60":1,"61":1,"62":1},"b":{},"f":{"1":1},"fnMap":{"1":{"name":"(anonymous_1)","line":2,"loc":{"start":{"line":2,"column":17},"end":{"line":2,"column":36}}}},"statementMap":{"1":{"start":{"line":2,"column":0},"end":{"line":68,"column":1}},"2":{"start":{"line":4,"column":2},"end":{"line":4,"column":27}},"3":{"start":{"line":5,"column":2},"end":{"line":5,"column":29}},"4":{"start":{"line":6,"column":2},"end":{"line":6,"column":42}},"5":{"start":{"line":7,"column":2},"end":{"line":7,"column":43}},"6":{"start":{"line":8,"column":2},"end":{"line":8,"column":42}},"7":{"start":{"line":9,"column":2},"end":{"line":9,"column":45}},"8":{"start":{"line":10,"column":2},"end":{"line":10,"column":37}},"9":{"start":{"line":11,"column":2},"end":{"line":11,"column":47}},"10":{"start":{"line":12,"column":2},"end":{"line":12,"column":38}},"11":{"start":{"line":13,"column":2},"end":{"line":13,"column":37}},"12":{"start":{"line":14,"column":2},"end":{"line":14,"column":33}},"13":{"start":{"line":15,"column":2},"end":{"line":15,"column":63}},"14":{"start":{"line":16,"column":2},"end":{"line":16,"column":36}},"15":{"start":{"line":17,"column":2},"end":{"line":17,"column":47}},"16":{"start":{"line":18,"column":2},"end":{"line":18,"column":43}},"17":{"start":{"line":19,"column":2},"end":{"line":19,"column":57}},"18":{"start":{"line":20,"column":2},"end":{"line":20,"column":43}},"19":{"start":{"line":21,"column":2},"end":{"line":21,"column":42}},"20":{"start":{"line":22,"column":2},"end":{"line":22,"column":36}},"21":{"start":{"line":23,"column":2},"end":{"line":23,"column":36}},"22":{"start":{"line":24,"column":2},"end":{"line":24,"column":38}},"23":{"start":{"line":26,"column":2},"end":{"line":26,"column":30}},"24":{"start":{"line":27,"column":2},"end":{"line":27,"column":40}},"25":{"start":{"line":28,"column":2},"end":{"line":28,"column":40}},"26":{"start":{"line":29,"column":2},"end":{"line":29,"column":94}},"27":{"start":{"line":30,"column":2},"end":{"line":30,"column":45}},"28":{"start":{"line":31,"column":2},"end":{"line":31,"column":42}},"29":{"start":{"line":32,"column":2},"end":{"line":32,"column":38}},"30":{"start":{"line":33,"column":2},"end":{"line":33,"column":38}},"31":{"start":{"line":34,"column":2},"end":{"line":34,"column":39}},"32":{"start":{"line":35,"column":2},"end":{"line":35,"column":41}},"33":{"start":{"line":36,"column":2},"end":{"line":36,"column":49}},"34":{"start":{"line":37,"column":2},"end":{"line":37,"column":44}},"35":{"start":{"line":38,"column":2},"end":{"line":38,"column":43}},"36":{"start":{"line":39,"column":2},"end":{"line":39,"column":45}},"37":{"start":{"line":40,"column":2},"end":{"line":40,"column":45}},"38":{"start":{"line":41,"column":2},"end":{"line":41,"column":38}},"39":{"start":{"line":42,"column":2},"end":{"line":42,"column":36}},"40":{"start":{"line":43,"column":2},"end":{"line":43,"column":38}},"41":{"start":{"line":44,"column":2},"end":{"line":44,"column":49}},"42":{"start":{"line":45,"column":2},"end":{"line":45,"column":45}},"43":{"start":{"line":46,"column":2},"end":{"line":46,"column":47}},"44":{"start":{"line":47,"column":2},"end":{"line":47,"column":37}},"45":{"start":{"line":48,"column":2},"end":{"line":48,"column":47}},"46":{"start":{"line":49,"column":2},"end":{"line":49,"column":43}},"47":{"start":{"line":50,"column":2},"end":{"line":50,"column":40}},"48":{"start":{"line":51,"column":2},"end":{"line":51,"column":42}},"49":{"start":{"line":53,"column":2},"end":{"line":53,"column":41}},"50":{"start":{"line":54,"column":2},"end":{"line":54,"column":40}},"51":{"start":{"line":55,"column":2},"end":{"line":55,"column":34}},"52":{"start":{"line":56,"column":2},"end":{"line":56,"column":41}},"53":{"start":{"line":57,"column":2},"end":{"line":57,"column":36}},"54":{"start":{"line":58,"column":2},"end":{"line":58,"column":37}},"55":{"start":{"line":59,"column":2},"end":{"line":59,"column":35}},"56":{"start":{"line":60,"column":2},"end":{"line":60,"column":41}},"57":{"start":{"line":61,"column":2},"end":{"line":61,"column":41}},"58":{"start":{"line":62,"column":2},"end":{"line":62,"column":37}},"59":{"start":{"line":63,"column":2},"end":{"line":63,"column":37}},"60":{"start":{"line":64,"column":2},"end":{"line":64,"column":37}},"61":{"start":{"line":65,"column":2},"end":{"line":65,"column":37}},"62":{"start":{"line":67,"column":2},"end":{"line":67,"column":125}}},"branchMap":{},"code":["// Default inflections","module.exports = function (inflect) {","","  inflect.plural(/$/, 's');","  inflect.plural(/s$/i, 's');","  inflect.plural(/(ax|test)is$/i, '$1es');","  inflect.plural(/(octop|vir)us$/i, '$1i');","  inflect.plural(/(octop|vir)i$/i, '$1i');","  inflect.plural(/(alias|status)$/i, '$1es');","  inflect.plural(/(bu)s$/i, '$1ses');","  inflect.plural(/(buffal|tomat)o$/i, '$1oes');","  inflect.plural(/([ti])um$/i, '$1a');","  inflect.plural(/([ti])a$/i, '$1a');","  inflect.plural(/sis$/i, 'ses');","  inflect.plural(/(?:([^fa])fe|(?:(oa)f)|([lr])f)$/i, '$1ves');","  inflect.plural(/(hive)$/i, '$1s');","  inflect.plural(/([^aeiouy]|qu)y$/i, '$1ies');","  inflect.plural(/(x|ch|ss|sh)$/i, '$1es');","  inflect.plural(/(matr|vert|ind)(?:ix|ex)$/i, '$1ices');","  inflect.plural(/([m|l])ouse$/i, '$1ice');","  inflect.plural(/([m|l])ice$/i, '$1ice');","  inflect.plural(/^(ox)$/i, '$1en');","  inflect.plural(/^(oxen)$/i, '$1');","  inflect.plural(/(quiz)$/i, '$1zes');","","  inflect.singular(/s$/i, '');","  inflect.singular(/(n)ews$/i, '$1ews');","  inflect.singular(/([ti])a$/i, '$1um');","  inflect.singular(/((a)naly|(b)a|(d)iagno|(p)arenthe|(p)rogno|(s)ynop|(t)he)ses$/i, '$1sis');","  inflect.singular(/(^analy)ses$/i, '$1sis');","  inflect.singular(/([^f])ves$/i, '$1fe');","  inflect.singular(/(hive)s$/i, '$1');","  inflect.singular(/(tive)s$/i, '$1');","  inflect.singular(/(oave)s$/i, 'oaf');","  inflect.singular(/([lr])ves$/i, '$1f');","  inflect.singular(/([^aeiouy]|qu)ies$/i, '$1y');","  inflect.singular(/(s)eries$/i, '$1eries');","  inflect.singular(/(m)ovies$/i, '$1ovie');","  inflect.singular(/(x|ch|ss|sh)es$/i, '$1');","  inflect.singular(/([m|l])ice$/i, '$1ouse');","  inflect.singular(/(bus)es$/i, '$1');","  inflect.singular(/(o)es$/i, '$1');","  inflect.singular(/(shoe)s$/i, '$1');","  inflect.singular(/(cris|ax|test)es$/i, '$1is');","  inflect.singular(/(octop|vir)i$/i, '$1us');","  inflect.singular(/(alias|status)es$/i, '$1');","  inflect.singular(/^(ox)en/i, '$1');","  inflect.singular(/(vert|ind)ices$/i, '$1ex');","  inflect.singular(/(matr)ices$/i, '$1ix');","  inflect.singular(/(quiz)zes$/i, '$1');","  inflect.singular(/(database)s$/i, '$1');","","  inflect.irregular('child', 'children');","  inflect.irregular('person', 'people');","  inflect.irregular('man', 'men');","  inflect.irregular('child', 'children');","  inflect.irregular('sex', 'sexes');","  inflect.irregular('move', 'moves');","  inflect.irregular('cow', 'kine');","  inflect.irregular('zombie', 'zombies');","  inflect.irregular('oaf', 'oafs', true);","  inflect.irregular('jefe', 'jefes');","  inflect.irregular('save', 'saves');","  inflect.irregular('safe', 'safes');","  inflect.irregular('fife', 'fifes');","","  inflect.uncountable(['equipment', 'information', 'rice', 'money', 'species', 'series', 'fish', 'sheep', 'jeans', 'sushi']);","}",""],"l":{"2":1,"4":1,"5":1,"6":1,"7":1,"8":1,"9":1,"10":1,"11":1,"12":1,"13":1,"14":1,"15":1,"16":1,"17":1,"18":1,"19":1,"20":1,"21":1,"22":1,"23":1,"24":1,"26":1,"27":1,"28":1,"29":1,"30":1,"31":1,"32":1,"33":1,"34":1,"35":1,"36":1,"37":1,"38":1,"39":1,"40":1,"41":1,"42":1,"43":1,"44":1,"45":1,"46":1,"47":1,"48":1,"49":1,"50":1,"51":1,"53":1,"54":1,"55":1,"56":1,"57":1,"58":1,"59":1,"60":1,"61":1,"62":1,"63":1,"64":1,"65":1,"67":1}},"/home/travis/build/npmtest/node-npmtest-i/node_modules/i/lib/inflections.js":{"path":"/home/travis/build/npmtest/node-npmtest-i/node_modules/i/lib/inflections.js","s":{"1":1,"2":1,"3":1,"4":1,"5":1,"6":1,"7":1,"8":1,"9":1,"10":49,"11":0,"12":49,"13":49,"14":1,"15":40,"16":0,"17":40,"18":40,"19":1,"20":13,"21":13,"22":13,"23":13,"24":1,"25":13,"26":12,"27":12,"28":12,"29":1,"30":1,"31":1,"32":1,"33":1,"34":1,"35":1,"36":0,"37":1,"38":1,"39":1,"40":0,"41":0,"42":0,"43":0,"44":0,"45":0,"46":0,"47":0,"48":1,"49":0,"50":0,"51":0,"52":0,"53":0,"54":0,"55":1},"b":{"1":[0,49],"2":[0,40],"3":[1,12],"4":[12,1],"5":[0,0],"6":[0,0]},"f":{"1":1,"2":49,"3":40,"4":13,"5":0,"6":1,"7":0,"8":0},"fnMap":{"1":{"name":"(anonymous_1)","line":18,"loc":{"start":{"line":18,"column":18},"end":{"line":18,"column":30}}},"2":{"name":"(anonymous_2)","line":29,"loc":{"start":{"line":29,"column":31},"end":{"line":29,"column":60}}},"3":{"name":"(anonymous_3)","line":39,"loc":{"start":{"line":39,"column":33},"end":{"line":39,"column":62}}},"4":{"name":"(anonymous_4)","line":52,"loc":{"start":{"line":52,"column":35},"end":{"line":52,"column":82}}},"5":{"name":"(anonymous_5)","line":79,"loc":{"start":{"line":79,"column":30},"end":{"line":79,"column":59}}},"6":{"name":"(anonymous_6)","line":87,"loc":{"start":{"line":87,"column":36},"end":{"line":87,"column":53}}},"7":{"name":"(anonymous_7)","line":97,"loc":{"start":{"line":97,"column":30},"end":{"line":97,"column":47}}},"8":{"name":"(anonymous_8)","line":111,"loc":{"start":{"line":111,"column":32},"end":{"line":111,"column":44}}}},"statementMap":{"1":{"start":{"line":16,"column":0},"end":{"line":16,"column":29}},"2":{"start":{"line":18,"column":0},"end":{"line":25,"column":2}},"3":{"start":{"line":19,"column":2},"end":{"line":19,"column":20}},"4":{"start":{"line":20,"column":2},"end":{"line":20,"column":22}},"5":{"start":{"line":21,"column":2},"end":{"line":21,"column":25}},"6":{"start":{"line":22,"column":2},"end":{"line":22,"column":19}},"7":{"start":{"line":23,"column":2},"end":{"line":23,"column":30}},"8":{"start":{"line":24,"column":2},"end":{"line":24,"column":14}},"9":{"start":{"line":29,"column":0},"end":{"line":35,"column":2}},"10":{"start":{"line":30,"column":2},"end":{"line":32,"column":3}},"11":{"start":{"line":31,"column":4},"end":{"line":31,"column":64}},"12":{"start":{"line":33,"column":2},"end":{"line":33,"column":69}},"13":{"start":{"line":34,"column":2},"end":{"line":34,"column":44}},"14":{"start":{"line":39,"column":0},"end":{"line":45,"column":2}},"15":{"start":{"line":40,"column":2},"end":{"line":42,"column":3}},"16":{"start":{"line":41,"column":4},"end":{"line":41,"column":64}},"17":{"start":{"line":43,"column":2},"end":{"line":43,"column":69}},"18":{"start":{"line":44,"column":2},"end":{"line":44,"column":46}},"19":{"start":{"line":52,"column":0},"end":{"line":71,"column":2}},"20":{"start":{"line":53,"column":2},"end":{"line":53,"column":66}},"21":{"start":{"line":54,"column":2},"end":{"line":54,"column":64}},"22":{"start":{"line":55,"column":2},"end":{"line":55,"column":18}},"23":{"start":{"line":56,"column":2},"end":{"line":58,"column":3}},"24":{"start":{"line":57,"column":4},"end":{"line":57,"column":17}},"25":{"start":{"line":59,"column":2},"end":{"line":70,"column":3}},"26":{"start":{"line":60,"column":4},"end":{"line":60,"column":117}},"27":{"start":{"line":61,"column":4},"end":{"line":61,"column":113}},"28":{"start":{"line":62,"column":4},"end":{"line":62,"column":117}},"29":{"start":{"line":64,"column":4},"end":{"line":64,"column":135}},"30":{"start":{"line":65,"column":4},"end":{"line":65,"column":135}},"31":{"start":{"line":66,"column":4},"end":{"line":66,"column":131}},"32":{"start":{"line":67,"column":4},"end":{"line":67,"column":131}},"33":{"start":{"line":68,"column":4},"end":{"line":68,"column":137}},"34":{"start":{"line":69,"column":4},"end":{"line":69,"column":137}},"35":{"start":{"line":79,"column":0},"end":{"line":81,"column":1}},"36":{"start":{"line":80,"column":2},"end":{"line":80,"column":43}},"37":{"start":{"line":87,"column":0},"end":{"line":89,"column":1}},"38":{"start":{"line":88,"column":2},"end":{"line":88,"column":54}},"39":{"start":{"line":97,"column":0},"end":{"line":108,"column":1}},"40":{"start":{"line":98,"column":2},"end":{"line":98,"column":35}},"41":{"start":{"line":98,"column":21},"end":{"line":98,"column":35}},"42":{"start":{"line":99,"column":2},"end":{"line":107,"column":3}},"43":{"start":{"line":101,"column":6},"end":{"line":101,"column":24}},"44":{"start":{"line":102,"column":6},"end":{"line":102,"column":26}},"45":{"start":{"line":103,"column":6},"end":{"line":103,"column":29}},"46":{"start":{"line":104,"column":6},"end":{"line":104,"column":23}},"47":{"start":{"line":106,"column":6},"end":{"line":106,"column":23}},"48":{"start":{"line":111,"column":0},"end":{"line":118,"column":2}},"49":{"start":{"line":112,"column":2},"end":{"line":112,"column":20}},"50":{"start":{"line":113,"column":2},"end":{"line":113,"column":22}},"51":{"start":{"line":114,"column":2},"end":{"line":114,"column":25}},"52":{"start":{"line":115,"column":2},"end":{"line":115,"column":19}},"53":{"start":{"line":116,"column":2},"end":{"line":116,"column":30}},"54":{"start":{"line":117,"column":2},"end":{"line":117,"column":14}},"55":{"start":{"line":120,"column":0},"end":{"line":120,"column":35}}},"branchMap":{"1":{"line":30,"type":"if","locations":[{"start":{"line":30,"column":2},"end":{"line":30,"column":2}},{"start":{"line":30,"column":2},"end":{"line":30,"column":2}}]},"2":{"line":40,"type":"if","locations":[{"start":{"line":40,"column":2},"end":{"line":40,"column":2}},{"start":{"line":40,"column":2},"end":{"line":40,"column":2}}]},"3":{"line":56,"type":"if","locations":[{"start":{"line":56,"column":2},"end":{"line":56,"column":2}},{"start":{"line":56,"column":2},"end":{"line":56,"column":2}}]},"4":{"line":59,"type":"if","locations":[{"start":{"line":59,"column":2},"end":{"line":59,"column":2}},{"start":{"line":59,"column":2},"end":{"line":59,"column":2}}]},"5":{"line":98,"type":"if","locations":[{"start":{"line":98,"column":2},"end":{"line":98,"column":2}},{"start":{"line":98,"column":2},"end":{"line":98,"column":2}}]},"6":{"line":99,"type":"switch","locations":[{"start":{"line":100,"column":4},"end":{"line":104,"column":23}},{"start":{"line":105,"column":4},"end":{"line":106,"column":23}}]}},"code":["// A singleton instance of this class is yielded by Inflector.inflections, which can then be used to specify additional","// inflection rules. Examples:","//","//     BulletSupport.Inflector.inflect ($) ->","//       $.plural /^(ox)$/i, '$1en'","//       $.singular /^(ox)en/i, '$1'","//","//       $.irregular 'octopus', 'octopi'","//","//       $.uncountable \"equipment\"","//","// New rules are added at the top. So in the example above, the irregular rule for octopus will now be the first of the","// pluralization and singularization rules that is runs. This guarantees that your rules run before any of the rules that may","// already have been loaded.","","var util = require('./util');","","var Inflections = function () {","  this.plurals = [];","  this.singulars = [];","  this.uncountables = [];","  this.humans = [];","  require('./defaults')(this);","  return this;","};","","// Specifies a new pluralization rule and its replacement. The rule can either be a string or a regular expression.","// The replacement should always be a string that may include references to the matched data from the rule.","Inflections.prototype.plural = function (rule, replacement) {","  if (typeof rule == 'string') {","    this.uncountables = util.array.del(this.uncountables, rule);","  }","  this.uncountables = util.array.del(this.uncountables, replacement);","  this.plurals.unshift([rule, replacement]);","};","","// Specifies a new singularization rule and its replacement. The rule can either be a string or a regular expression.","// The replacement should always be a string that may include references to the matched data from the rule.","Inflections.prototype.singular = function (rule, replacement) {","  if (typeof rule == 'string') {","    this.uncountables = util.array.del(this.uncountables, rule);","  }","  this.uncountables = util.array.del(this.uncountables, replacement);","  this.singulars.unshift([rule, replacement]);","};","","// Specifies a new irregular that applies to both pluralization and singularization at the same time. This can only be used","// for strings, not regular expressions. You simply pass the irregular in singular and plural form.","//","//     irregular 'octopus', 'octopi'","//     irregular 'person', 'people'","Inflections.prototype.irregular =  function (singular, plural, fullMatchRequired) {","  this.uncountables = util.array.del(this.uncountables, singular);","  this.uncountables = util.array.del(this.uncountables, plural);","  var prefix = \"\";","  if (fullMatchRequired) {","    prefix = \"^\";","  }","  if (singular[0].toUpperCase() == plural[0].toUpperCase()) {","    this.plural(new RegExp(\"(\" + prefix + singular[0] + \")\" + singular.slice(1) + \"$\", \"i\"), '$1' + plural.slice(1));","    this.plural(new RegExp(\"(\" + prefix + plural[0] + \")\" + plural.slice(1) + \"$\", \"i\"), '$1' + plural.slice(1));","    this.singular(new RegExp(\"(\" + prefix + plural[0] + \")\" + plural.slice(1) + \"$\", \"i\"), '$1' + singular.slice(1));","  } else {","    this.plural(new RegExp(prefix + (singular[0].toUpperCase()) + singular.slice(1) + \"$\"), plural[0].toUpperCase() + plural.slice(1));","    this.plural(new RegExp(prefix + (singular[0].toLowerCase()) + singular.slice(1) + \"$\"), plural[0].toLowerCase() + plural.slice(1));","    this.plural(new RegExp(prefix + (plural[0].toUpperCase()) + plural.slice(1) + \"$\"), plural[0].toUpperCase() + plural.slice(1));","    this.plural(new RegExp(prefix + (plural[0].toLowerCase()) + plural.slice(1) + \"$\"), plural[0].toLowerCase() + plural.slice(1));","    this.singular(new RegExp(prefix + (plural[0].toUpperCase()) + plural.slice(1) + \"$\"), singular[0].toUpperCase() + singular.slice(1));","    this.singular(new RegExp(prefix + (plural[0].toLowerCase()) + plural.slice(1) + \"$\"), singular[0].toLowerCase() + singular.slice(1));","  }","};","","// Specifies a humanized form of a string by a regular expression rule or by a string mapping.","// When using a regular expression based replacement, the normal humanize formatting is called after the replacement.","// When a string is used, the human form should be specified as desired (example: 'The name', not 'the_name')","//","//     human /(.*)_cnt$/i, '$1_count'","//     human \"legacy_col_person_name\", \"Name\"","Inflections.prototype.human = function (rule, replacement) {","  this.humans.unshift([rule, replacement]);","}","","// Add uncountable words that shouldn't be attempted inflected.","//","//     uncountable \"money\"","//     uncountable [\"money\", \"information\"]","Inflections.prototype.uncountable = function (words) {","  this.uncountables = this.uncountables.concat(words);","}","","// Clears the loaded inflections within a given scope (default is _'all'_).","// Give the scope as a symbol of the inflection type, the options are: _'plurals'_,","// _'singulars'_, _'uncountables'_, _'humans'_.","//","//     clear 'all'","//     clear 'plurals'","Inflections.prototype.clear = function (scope) {","  if (scope == null) scope = 'all';","  switch (scope) {","    case 'all':","      this.plurals = [];","      this.singulars = [];","      this.uncountables = [];","      this.humans = [];","    default:","      this[scope] = [];","  }","}","","// Clears the loaded inflections and initializes them to [default](../inflections.html)","Inflections.prototype.default = function () {","  this.plurals = [];","  this.singulars = [];","  this.uncountables = [];","  this.humans = [];","  require('./defaults')(this);","  return this;","};","","module.exports = new Inflections();",""],"l":{"16":1,"18":1,"19":1,"20":1,"21":1,"22":1,"23":1,"24":1,"29":1,"30":49,"31":0,"33":49,"34":49,"39":1,"40":40,"41":0,"43":40,"44":40,"52":1,"53":13,"54":13,"55":13,"56":13,"57":1,"59":13,"60":12,"61":12,"62":12,"64":1,"65":1,"66":1,"67":1,"68":1,"69":1,"79":1,"80":0,"87":1,"88":1,"97":1,"98":0,"99":0,"101":0,"102":0,"103":0,"104":0,"106":0,"111":1,"112":0,"113":0,"114":0,"115":0,"116":0,"117":0,"120":1}},"/home/travis/build/npmtest/node-npmtest-i/node_modules/i/lib/util.js":{"path":"/home/travis/build/npmtest/node-npmtest-i/node_modules/i/lib/util.js","s":{"1":1,"2":115,"3":115,"4":0,"5":0,"6":0,"7":115,"8":0,"9":0,"10":0,"11":0,"12":0,"13":0,"14":0,"15":0,"16":0,"17":0,"18":0,"19":0,"20":0,"21":0,"22":0,"23":0,"24":0,"25":0,"26":0,"27":0,"28":0,"29":0,"30":0,"31":0,"32":0,"33":0,"34":0,"35":0,"36":0,"37":0,"38":0,"39":0,"40":0,"41":0,"42":0,"43":0,"44":0,"45":0,"46":0,"47":0,"48":0,"49":0,"50":0,"51":0,"52":0,"53":0},"b":{"1":[0,115],"2":[0,0],"3":[0,0],"4":[0,0],"5":[0,0],"6":[0,0],"7":[0,0],"8":[0,0],"9":[0,0],"10":[0,0],"11":[0,0]},"f":{"1":115,"2":0,"3":0,"4":0,"5":0,"6":0,"7":0,"8":0,"9":0,"10":0,"11":0,"12":0,"13":0},"fnMap":{"1":{"name":"(anonymous_1)","line":9,"loc":{"start":{"line":9,"column":9},"end":{"line":9,"column":29}}},"2":{"name":"(anonymous_2)","line":25,"loc":{"start":{"line":25,"column":11},"end":{"line":25,"column":25}}},"3":{"name":"(anonymous_3)","line":32,"loc":{"start":{"line":32,"column":10},"end":{"line":32,"column":24}}},"4":{"name":"(anonymous_4)","line":52,"loc":{"start":{"line":52,"column":10},"end":{"line":52,"column":47}}},"5":{"name":"(anonymous_5)","line":93,"loc":{"start":{"line":93,"column":12},"end":{"line":93,"column":26}}},"6":{"name":"(anonymous_6)","line":94,"loc":{"start":{"line":94,"column":48},"end":{"line":94,"column":61}}},"7":{"name":"(anonymous_7)","line":97,"loc":{"start":{"line":97,"column":46},"end":{"line":97,"column":59}}},"8":{"name":"(anonymous_8)","line":106,"loc":{"start":{"line":106,"column":16},"end":{"line":106,"column":39}}},"9":{"name":"(anonymous_9)","line":109,"loc":{"start":{"line":109,"column":48},"end":{"line":109,"column":61}}},"10":{"name":"(anonymous_10)","line":119,"loc":{"start":{"line":119,"column":14},"end":{"line":119,"column":28}}},"11":{"name":"(anonymous_11)","line":120,"loc":{"start":{"line":120,"column":48},"end":{"line":120,"column":61}}},"12":{"name":"(anonymous_12)","line":123,"loc":{"start":{"line":123,"column":46},"end":{"line":123,"column":59}}},"13":{"name":"(anonymous_13)","line":132,"loc":{"start":{"line":132,"column":11},"end":{"line":132,"column":26}}}},"statementMap":{"1":{"start":{"line":3,"column":0},"end":{"line":136,"column":1}},"2":{"start":{"line":10,"column":6},"end":{"line":10,"column":35}},"3":{"start":{"line":11,"column":6},"end":{"line":19,"column":7}},"4":{"start":{"line":12,"column":8},"end":{"line":16,"column":9}},"5":{"start":{"line":13,"column":9},"end":{"line":13,"column":28}},"6":{"start":{"line":15,"column":10},"end":{"line":15,"column":64}},"7":{"start":{"line":18,"column":8},"end":{"line":18,"column":19}},"8":{"start":{"line":26,"column":6},"end":{"line":26,"column":20}},"9":{"start":{"line":33,"column":6},"end":{"line":33,"column":31}},"10":{"start":{"line":53,"column":6},"end":{"line":53,"column":75}},"11":{"start":{"line":54,"column":6},"end":{"line":54,"column":84}},"12":{"start":{"line":54,"column":57},"end":{"line":54,"column":84}},"13":{"start":{"line":55,"column":6},"end":{"line":55,"column":18}},"14":{"start":{"line":56,"column":6},"end":{"line":56,"column":17}},"15":{"start":{"line":57,"column":6},"end":{"line":86,"column":7}},"16":{"start":{"line":58,"column":8},"end":{"line":85,"column":9}},"17":{"start":{"line":59,"column":10},"end":{"line":59,"column":47}},"18":{"start":{"line":60,"column":10},"end":{"line":80,"column":11}},"19":{"start":{"line":61,"column":12},"end":{"line":61,"column":44}},"20":{"start":{"line":62,"column":12},"end":{"line":62,"column":41}},"21":{"start":{"line":63,"column":17},"end":{"line":80,"column":11}},"22":{"start":{"line":64,"column":12},"end":{"line":64,"column":34}},"23":{"start":{"line":65,"column":12},"end":{"line":65,"column":51}},"24":{"start":{"line":66,"column":12},"end":{"line":69,"column":13}},"25":{"start":{"line":67,"column":14},"end":{"line":67,"column":40}},"26":{"start":{"line":68,"column":14},"end":{"line":68,"column":57}},"27":{"start":{"line":70,"column":12},"end":{"line":70,"column":44}},"28":{"start":{"line":71,"column":12},"end":{"line":71,"column":41}},"29":{"start":{"line":72,"column":12},"end":{"line":76,"column":13}},"30":{"start":{"line":73,"column":14},"end":{"line":75,"column":15}},"31":{"start":{"line":74,"column":16},"end":{"line":74,"column":101}},"32":{"start":{"line":77,"column":12},"end":{"line":77,"column":37}},"33":{"start":{"line":79,"column":12},"end":{"line":79,"column":34}},"34":{"start":{"line":81,"column":10},"end":{"line":81,"column":59}},"35":{"start":{"line":83,"column":10},"end":{"line":83,"column":25}},"36":{"start":{"line":84,"column":10},"end":{"line":84,"column":20}},"37":{"start":{"line":87,"column":6},"end":{"line":87,"column":20}},"38":{"start":{"line":94,"column":6},"end":{"line":96,"column":9}},"39":{"start":{"line":95,"column":8},"end":{"line":95,"column":40}},"40":{"start":{"line":97,"column":6},"end":{"line":99,"column":9}},"41":{"start":{"line":98,"column":8},"end":{"line":98,"column":40}},"42":{"start":{"line":100,"column":6},"end":{"line":100,"column":52}},"43":{"start":{"line":107,"column":6},"end":{"line":107,"column":35}},"44":{"start":{"line":108,"column":6},"end":{"line":112,"column":7}},"45":{"start":{"line":109,"column":8},"end":{"line":111,"column":11}},"46":{"start":{"line":110,"column":10},"end":{"line":110,"column":42}},"47":{"start":{"line":113,"column":6},"end":{"line":113,"column":52}},"48":{"start":{"line":120,"column":6},"end":{"line":122,"column":9}},"49":{"start":{"line":121,"column":8},"end":{"line":121,"column":40}},"50":{"start":{"line":123,"column":6},"end":{"line":125,"column":9}},"51":{"start":{"line":124,"column":8},"end":{"line":124,"column":40}},"52":{"start":{"line":126,"column":6},"end":{"line":126,"column":52}},"53":{"start":{"line":133,"column":6},"end":{"line":133,"column":27}}},"branchMap":{"1":{"line":11,"type":"if","locations":[{"start":{"line":11,"column":6},"end":{"line":11,"column":6}},{"start":{"line":11,"column":6},"end":{"line":11,"column":6}}]},"2":{"line":12,"type":"if","locations":[{"start":{"line":12,"column":8},"end":{"line":12,"column":8}},{"start":{"line":12,"column":8},"end":{"line":12,"column":8}}]},"3":{"line":54,"type":"if","locations":[{"start":{"line":54,"column":6},"end":{"line":54,"column":6}},{"start":{"line":54,"column":6},"end":{"line":54,"column":6}}]},"4":{"line":54,"type":"binary-expr","locations":[{"start":{"line":54,"column":13},"end":{"line":54,"column":28}},{"start":{"line":54,"column":34},"end":{"line":54,"column":53}}]},"5":{"line":58,"type":"if","locations":[{"start":{"line":58,"column":8},"end":{"line":58,"column":8}},{"start":{"line":58,"column":8},"end":{"line":58,"column":8}}]},"6":{"line":60,"type":"if","locations":[{"start":{"line":60,"column":10},"end":{"line":60,"column":10}},{"start":{"line":60,"column":10},"end":{"line":60,"column":10}}]},"7":{"line":61,"type":"binary-expr","locations":[{"start":{"line":61,"column":23},"end":{"line":61,"column":31}},{"start":{"line":61,"column":35},"end":{"line":61,"column":43}}]},"8":{"line":63,"type":"if","locations":[{"start":{"line":63,"column":17},"end":{"line":63,"column":17}},{"start":{"line":63,"column":17},"end":{"line":63,"column":17}}]},"9":{"line":70,"type":"binary-expr","locations":[{"start":{"line":70,"column":23},"end":{"line":70,"column":31}},{"start":{"line":70,"column":35},"end":{"line":70,"column":43}}]},"10":{"line":73,"type":"if","locations":[{"start":{"line":73,"column":14},"end":{"line":73,"column":14}},{"start":{"line":73,"column":14},"end":{"line":73,"column":14}}]},"11":{"line":108,"type":"if","locations":[{"start":{"line":108,"column":6},"end":{"line":108,"column":6}},{"start":{"line":108,"column":6},"end":{"line":108,"column":6}}]}},"code":["// Some utility functions in js","","var u = module.exports = {","  array: {","    // Returns a copy of the array with the value removed once","    //","    //     [1, 2, 3, 1].del 1 #=> [2, 3, 1]","    //     [1, 2, 3].del 4    #=> [1, 2, 3]","    del: function (arr, val) {","      var index = arr.indexOf(val);","      if (index != -1) {","        if (index == 0) {","         return arr.slice(1)","        } else {","          return arr.slice(0, index).concat(arr.slice(index+1));","        }","      } else {","        return arr;","      }","    },","","    // Returns the first element of the array","    //","    //     [1,
[...]
":61}},"22":{"start":{"line":66,"column":2},"end":{"line":66,"column":42}},"23":{"start":{"line":67,"column":2},"end":{"line":67,"column":28}},"24":{"start":{"line":73,"column":0},"end":{"line":75,"column":2}},"25":{"start":{"line":74,"column":2},"end":{"line":74,"column":54}},"26":{"start":{"line":81,"column":0},"end":{"line":83,"column":2}},"27":{"start":{"line":82,"column":2},"end":{"line":82,"column":61}},"28":{"start":{"line":92,"column":0},"end":{"line":97,"column":2}},"29":{"start":{"line":93,"column":2},"end":{"line":95,"column":3}},"30":{"start":{"line":94,"column":4},"end":{"line":94,"column":54}},"31":{"start":{"line":96,"column":2},"end":{"line":96,"column":122}},"32":{"start":{"line":108,"column":0},"end":{"line":125,"column":2}},"33":{"start":{"line":109,"column":2},"end":{"line":109,"column":11}},"34":{"start":{"line":110,"column":2},"end":{"line":110,"column":28}},"35":{"start":{"line":111,"column":2},"end":{"line":124,"column":3}},"36":{"start":{"line":112,"column":4},"end":{"line":112,"column":30}},"37":{"start":{"line":114,"column":4},"end":{"line":123,"column":5}},"38":{"start":{"line":116,"column":8},"end":{"line":116,"column":34}},"39":{"start":{"line":118,"column":8},"end":{"line":118,"column":34}},"40":{"start":{"line":120,"column":8},"end":{"line":120,"column":34}},"41":{"start":{"line":122,"column":8},"end":{"line":122,"column":34}},"42":{"start":{"line":131,"column":0},"end":{"line":135,"column":2}},"43":{"start":{"line":132,"column":2},"end":{"line":134,"column":5}},"44":{"start":{"line":133,"column":4},"end":{"line":133,"column":70}},"45":{"start":{"line":144,"column":0},"end":{"line":157,"column":2}},"46":{"start":{"line":145,"column":2},"end":{"line":145,"column":21}},"47":{"start":{"line":146,"column":2},"end":{"line":146,"column":16}},"48":{"start":{"line":147,"column":2},"end":{"line":156,"column":3}},"49":{"start":{"line":148,"column":4},"end":{"line":148,"column":18}},"50":{"start":{"line":150,"column":4},"end":{"line":154,"column":5}},"51":{"start":{"line":151,"column":6},"end":{"line":151,"column":46}},"52":{"start":{"line":152,"column":6},"end":{"line":152,"column":62}},"53":{"start":{"line":153,"column":6},"end":{"line":153,"column":47}},"54":{"start":{"line":153,"column":41},"end":{"line":153,"column":47}},"55":{"start":{"line":155,"column":4},"end":{"line":155,"column":18}},"56":{"start":{"line":166,"column":0},"end":{"line":179,"column":2}},"57":{"start":{"line":167,"column":2},"end":{"line":167,"column":23}},"58":{"start":{"line":168,"column":2},"end":{"line":168,"column":16}},"59":{"start":{"line":169,"column":2},"end":{"line":178,"column":3}},"60":{"start":{"line":170,"column":4},"end":{"line":170,"column":18}},"61":{"start":{"line":172,"column":4},"end":{"line":176,"column":5}},"62":{"start":{"line":173,"column":6},"end":{"line":173,"column":50}},"63":{"start":{"line":174,"column":6},"end":{"line":174,"column":66}},"64":{"start":{"line":175,"column":6},"end":{"line":175,"column":41}},"65":{"start":{"line":175,"column":35},"end":{"line":175,"column":41}},"66":{"start":{"line":177,"column":4},"end":{"line":177,"column":18}},"67":{"start":{"line":186,"column":0},"end":{"line":196,"column":2}},"68":{"start":{"line":187,"column":2},"end":{"line":187,"column":20}},"69":{"start":{"line":188,"column":2},"end":{"line":188,"column":43}},"70":{"start":{"line":189,"column":2},"end":{"line":192,"column":3}},"71":{"start":{"line":190,"column":4},"end":{"line":190,"column":42}},"72":{"start":{"line":191,"column":4},"end":{"line":191,"column":58}},"73":{"start":{"line":193,"column":2},"end":{"line":193,"column":48}},"74":{"start":{"line":194,"column":2},"end":{"line":194,"column":46}},"75":{"start":{"line":195,"column":2},"end":{"line":195,"column":46}},"76":{"start":{"line":205,"column":0},"end":{"line":209,"column":2}},"77":{"start":{"line":206,"column":2},"end":{"line":206,"column":11}},"78":{"start":{"line":207,"column":2},"end":{"line":207,"column":52}},"79":{"start":{"line":208,"column":2},"end":{"line":208,"column":38}},"80":{"start":{"line":217,"column":0},"end":{"line":219,"column":2}},"81":{"start":{"line":218,"column":2},"end":{"line":218,"column":59}},"82":{"start":{"line":230,"column":0},"end":{"line":232,"column":1}},"83":{"start":{"line":231,"column":2},"end":{"line":231,"column":89}}},"branchMap":{"1":{"line":36,"type":"if","locations":[{"start":{"line":36,"column":2},"end":{"line":36,"column":2}},{"start":{"line":36,"column":2},"end":{"line":36,"column":2}}]},"2":{"line":43,"type":"if","locations":[{"start":{"line":43,"column":2},"end":{"line":43,"column":2}},{"start":{"line":43,"column":2},"end":{"line":43,"column":2}}]},"3":{"line":93,"type":"if","locations":[{"start":{"line":93,"column":2},"end":{"line":93,"column":2}},{"start":{"line":93,"column":2},"end":{"line":93,"column":2}}]},"4":{"line":96,"type":"cond-expr","locations":[{"start":{"line":96,"column":108},"end":{"line":96,"column":113}},{"start":{"line":96,"column":116},"end":{"line":96,"column":120}}]},"5":{"line":111,"type":"if","locations":[{"start":{"line":111,"column":2},"end":{"line":111,"column":2}},{"start":{"line":111,"column":2},"end":{"line":111,"column":2}}]},"6":{"line":111,"type":"binary-expr","locations":[{"start":{"line":111,"column":6},"end":{"line":111,"column":44}},{"start":{"line":111,"column":48},"end":{"line":111,"column":59}},{"start":{"line":111,"column":63},"end":{"line":111,"column":74}}]},"7":{"line":114,"type":"switch","locations":[{"start":{"line":115,"column":6},"end":{"line":116,"column":34}},{"start":{"line":117,"column":6},"end":{"line":118,"column":34}},{"start":{"line":119,"column":6},"end":{"line":120,"column":34}},{"start":{"line":121,"column":6},"end":{"line":122,"column":34}}]},"8":{"line":147,"type":"if","locations":[{"start":{"line":147,"column":2},"end":{"line":147,"column":2}},{"start":{"line":147,"column":2},"end":{"line":147,"column":2}}]},"9":{"line":147,"type":"binary-expr","locations":[{"start":{"line":147,"column":6},"end":{"line":147,"column":17}},{"start":{"line":147,"column":21},"end":{"line":147,"column":49}}]},"10":{"line":153,"type":"if","locations":[{"start":{"line":153,"column":6},"end":{"line":153,"column":6}},{"start":{"line":153,"column":6},"end":{"line":153,"column":6}}]},"11":{"line":169,"type":"if","locations":[{"start":{"line":169,"column":2},"end":{"line":169,"column":2}},{"start":{"line":169,"column":2},"end":{"line":169,"column":2}}]},"12":{"line":169,"type":"binary-expr","locations":[{"start":{"line":169,"column":6},"end":{"line":169,"column":17}},{"start":{"line":169,"column":21},"end":{"line":169,"column":49}}]},"13":{"line":175,"type":"if","locations":[{"start":{"line":175,"column":6},"end":{"line":175,"column":6}},{"start":{"line":175,"column":6},"end":{"line":175,"column":6}}]}},"code":["// The Inflector transforms words from singular to plural, class names to table names, modularized class names to ones without,","// and class names to foreign keys. The default inflections for pluralization, singularization, and uncountable words are kept","// in inflections.coffee","//","// If you discover an incorrect inflection and require it for your application, you'll need","// to correct it yourself (explained below).","","var util = require('./util');","","var inflect = module.exports;","","// Import [inflections](inflections.html) instance","inflect.inflections = require('./inflections')","","// Gives easy access to add inflections to this class","inflect.inflect = function (inflections_function) {","  inflections_function(inflect.inflections);","};","","// By default, _camelize_ converts strings to UpperCamelCase. If the argument to _camelize_","// is set to _false_ then _camelize_ produces lowerCamelCase.","//","// _camelize_ will also convert '/' to '.' which is useful for converting paths to namespaces.","//","//     \"bullet_record\".camelize()             // => \"BulletRecord\"","//     \"bullet_record\".camelize(false)        // => \"bulletRecord\"","//     \"bullet_record/errors\".camelize()      // => \"BulletRecord.Errors\"","//     \"bullet_record/errors\".camelize(false) // => \"bulletRecord.Errors\"","//","// As a rule of thumb you can think of _camelize_ as the inverse of _underscore_,","// though there are cases where that does not hold:","//","//     \"SSLError\".underscore.camelize // => \"SslError\"","inflect.camelize = function(lower_case_and_underscored_word, first_letter_in_uppercase) {","  var result;","  if (first_letter_in_uppercase == null) first_letter_in_uppercase = true;","  result = util.string.gsub(lower_case_and_underscored_word, /\\/(.?)/, function($) {","    return \".\" + (util.string.upcase($[1]));","  });","  result = util.string.gsub(result, /(?:_)(.)/, function($) {","    return util.string.upcase($[1]);","  });","  if (first_letter_in_uppercase) {","    return util.string.upcase(result);","  } else {","    return util.string.downcase(result);","  }","};","","// Makes an underscored, lowercase form from the expression in the string.","//","// Changes '.' to '/' to convert namespaces to paths.","//","//     \"BulletRecord\".underscore()         // => \"bullet_record\"","//     \"BulletRecord.Errors\".underscore()  // => \"bullet_record/errors\"","//","// As a rule of thumb you can think of +underscore+ as the inverse of +camelize+,","// though there are cases where that does not hold:","//","//     \"SSLError\".underscore().camelize() // => \"SslError\"","inflect.underscore = function (camel_cased_word) {","  var self;","  self = util.string.gsub(camel_cased_word, /\\./, '/');","  self = util.string.gsub(self, /([A-Z]+)([A-Z][a-z])/, \"$1_$2\");","  self = util.string.gsub(self, /([a-z\\d])([A-Z])/, \"$1_$2\");","  self = util.string.gsub(self, /-/, '_');","  return self.toLowerCase();","};","","// Replaces underscores with dashes in the string.","//","//     \"puni_puni\".dasherize()   // => \"puni-puni\"","inflect.dasherize = function (underscored_word) {","  return util.string.gsub(underscored_word, /_/, '-');","};","","// Removes the module part from the expression in the string.","//","//     \"BulletRecord.String.Inflections\".demodulize() // => \"Inflections\"","//     \"Inflections\".demodulize()                     // => \"Inflections\"","inflect.demodulize = function (class_name_in_module) {","  return util.string.gsub(class_name_in_module, /^.*\\./, '');","};","","// Creates a foreign key name from a class name.","// _separate_class_name_and_id_with_underscore_ sets whether","// the method should put '_' between the name and 'id'.","//","//     \"Message\".foreign_key()      // => \"message_id\"","//     \"Message\".foreign_key(false) // => \"messageid\"","//     \"Admin::Post\".foreign_key()  // => \"post_id\"","inflect.foreign_key = function (class_name, separate_class_name_and_id_with_underscore) {","  if (separate_class_name_and_id_with_underscore == null) {","    separate_class_name_and_id_with_underscore = true;","  }","  return inflect.underscore(inflect.demodulize(class_name)) + (separate_class_name_and_id_with_underscore ? \"_id\" : \"id\");","};","","// Turns a number into an ordinal string used to denote the position in an","// ordered sequence such as 1st, 2nd, 3rd, 4th.","//","//     ordinalize(1)     // => \"1st\"","//     ordinalize(2)     // => \"2nd\"","//     ordinalize(1002)  // => \"1002nd\"","//     ordinalize(1003)  // => \"1003rd\"","//     ordinalize(-11)   // => \"-11th\"","//     ordinalize(-1021) // => \"-1021st\"","inflect.ordinalize = function (number) {","  var _ref;","  number = parseInt(number);","  if ((_ref = Math.abs(number) % 100) === 11 || _ref === 12 || _ref === 13) {","    return \"\" + number + \"th\";","  } else {","    switch (Math.abs(number) % 10) {","      case 1:","        return \"\" + number + \"st\";","      case 2:","        return \"\" + number + \"nd\";","      case 3:","        return \"\" + number + \"rd\";","      default:","        return \"\" + number + \"th\";","    }","  }","};","","// Checks a given word for uncountability","//","//     \"money\".uncountability()     // => true","//     \"my money\".uncountability()  // => true","inflect.uncountability = function (word) {","  return inflect.inflections.uncountables.some(function(ele, ind, arr) {","    return word.match(new RegExp(\"(\\\\b|_)\" + ele + \"$\", 'i')) != null;","  });","};","","// Returns the plural form of the word in the string.","//","//     \"post\".pluralize()             // => \"posts\"","//     \"octopus\".pluralize()          // => \"octopi\"","//     \"sheep\".pluralize()            // => \"sheep\"","//     \"words\".pluralize()            // => \"words\"","//     \"CamelOctopus\".pluralize()     // => \"CamelOctopi\"","inflect.pluralize = function (word) {","  var plural, result;","  result = word;","  if (word === '' || inflect.uncountability(word)) {","    return result;","  } else {","    for (var i = 0; i < inflect.inflections.plurals.length; i++) {","      plural = inflect.inflections.plurals[i];","      result = util.string.gsub(result, plural[0], plural[1]);","      if (word.match(plural[0]) != null) break;","    }","    return result;","  }","};","","// The reverse of _pluralize_, returns the singular form of a word in a string.","//","//     \"posts\".singularize()            // => \"post\"","//     \"octopi\".singularize()           // => \"octopus\"","//     \"sheep\".singularize()            // => \"sheep\"","//     \"word\".singularize()             // => \"word\"","//     \"CamelOctopi\".singularize()      // => \"CamelOctopus\"","inflect.singularize = function (word) {","  var result, singular;","  result = word;","  if (word === '' || inflect.uncountability(word)) {","    return result;","  } else {","    for (var i = 0; i < inflect.inflections.singulars.length; i++) {","      singular = inflect.inflections.singulars[i];","      result = util.string.gsub(result, singular[0], singular[1]);","      if (word.match(singular[0])) break;","    }","    return result;","  }","};","","// Capitalizes the first word and turns underscores into spaces and strips a","// trailing \"_id\", if any. Like _titleize_, this is meant for creating pretty output.","//","//     \"employee_salary\".humanize()   // => \"Employee salary\"","//     \"author_id\".humanize()         // => \"Author\"","inflect.humanize = function (lower_case_and_underscored_word) {","  var human, result;","  result = lower_case_and_underscored_word;","  for (var i = 0; i < inflect.inflections.humans.length; i++) {","    human = inflect.inflections.humans[i];","    result = util.string.gsub(result, human[0], human[1]);","  }","  result = util.string.gsub(result, /_id$/, \"\");","  result = util.string.gsub(result, /_/, \" \");","  return util.string.capitalize(result, true);","};","","// Capitalizes all the words and replaces some characters in the string to create","// a nicer looking title. _titleize_ is meant for creating pretty output. It is not","// used in the Bullet internals.","//","//","//     \"man from the boondocks\".titleize()   // => \"Man From The Boondocks\"","//     \"x-men: the last stand\".titleize()    // => \"X Men: The Last Stand\"","inflect.titleize = function (word) {","  var self;","  self = inflect.humanize(inflect.underscore(word));","  return util.string.capitalize(self);","};","","// Create the name of a table like Bullet does for models to table names. This method","// uses the _pluralize_ method on the last word in the string.","//","//     \"RawScaledScorer\".tableize()   // => \"raw_scaled_scorers\"","//     \"egg_and_ham\".tableize()       // => \"egg_and_hams\"","//     \"fancyCategory\".tableize()     // => \"fancy_categories\"","inflect.tableize = function (class_name) {","  return inflect.pluralize(inflect.underscore(class_name));","};","","// Create a class name from a plural table name like Bullet does for table names to models.","// Note that this returns a string and not a Class.","//","//     \"egg_and_hams\".classify()   // => \"EggAndHam\"","//     \"posts\".classify()          // => \"Post\"","//","// Singular names are not handled correctly:","//","//     \"business\".classify()       // => \"Busines\"","inflect.classify = function (table_name) {","  return inflect.camelize(inflect.singularize(util.string.gsub(table_name, /.*\\./, '')));","}",""],"l":{"8":1,"10":1,"13":1,"16":1,"17":0,"34":1,"35":0,"36":0,"37":0,"38":0,"40":0,"41":0,"43":0,"44":0,"46":0,"61":1,"62":0,"63":0,"64":0,"65":0,"66":0,"67":0,"73":1,"74":0,"81":1,"82":0,"92":1,"93":0,"94":0,"96":0,"108":1,"109":0,"110":0,"111":0,"112":0,"114":0,"116":0,"118":0,"120":0,"122":0,"131":1,"132":0,"133":0,"144":1,"145":0,"146":0,"147":0,"148":0,"150":0,"151":0,"152":0,"153":0,"155":0,"166":1,"167":0,"168":0,"169":0,"170":0,"172":0,"173":0,"174":0,"175":0,"177":0,"186":1,"187":0,"188":0,"189":0,"190":0,"191":0,"193":0,"194":0,"195":0,"205":1,"206":0,"207":0,"208":0,"217":1,"218":0,"230":1,"231":0}},"/home/travis/build/npmtest/node-npmtest-i/node_modules/i/lib/native.js":{"path":"/home/travis/build/npmtest/node-npmtest-i/node_modules/i/lib/native.js","s":{"1":1,"2":0,"3":0,"4":0,"5":0,"6":0,"7":0,"8":0,"9":0,"10":0},"b":{"1":[0,0],"2":[0,0],"3":[0,0]},"f":{"1":0,"2":0,"3":0,"4":0},"fnMap":{"1":{"name":"(anonymous_1)","line":1,"loc":{"start":{"line":1,"column":17},"end":{"line":1,"column":32}}},"2":{"name":"(anonymous_2)","line":3,"loc":{"start":{"line":3,"column":20},"end":{"line":3,"column":44}}},"3":{"name":"(anonymous_3)","line":14,"loc":{"start":{"line":14,"column":27},"end":{"line":14,"column":42}}},"4":{"name":"(anonymous_4)","line":19,"loc":{"start":{"line":19,"column":25},"end":{"line":19,"column":37}}}},"statementMap":{"1":{"start":{"line":1,"column":0},"end":{"line":26,"column":1}},"2":{"start":{"line":3,"column":2},"end":{"line":5,"column":3}},"3":{"start":{"line":4,"column":4},"end":{"line":4,"column":52}},"4":{"start":{"line":7,"column":2},"end":{"line":12,"column":4}},"5":{"start":{"line":14,"column":2},"end":{"line":24,"column":5}},"6":{"start":{"line":15,"column":4},"end":{"line":23,"column":5}},"7":{"start":{"line":16,"column":6},"end":{"line":22,"column":7}},"8":{"start":{"line":17,"column":8},"end":{"line":17,"column":77}},"9":{"start":{"line":19,"column":8},"end":{"line":21,"column":11}},"10":{"start":{"line":20,"column":10},"end":{"line":20,"column":32}}},"branchMap":{"1":{"line":15,"type":"if","locations":[{"start":{"line":15,"column":4},"end":{"line":15,"column":4}},{"start":{"line":15,"column":4},"end":{"line":15,"column":4}}]},"2":{"line":15,"type":"binary-expr","locations":[{"start":{"line":15,"column":8},"end":{"line":15,"column":24}},{"start":{"line":15,"column":28},"end":{"line":15,"column":48}}]},"3":{"line":16,"type":"if","locations":[{"start":{"line":16,"column":6},"end":{"line":16,"column":6}},{"start":{"line":16,"column":6},"end":{"line":16,"column":6}}]}},"code":["module.exports = function (obj) {","","  var addProperty = function (method, func) {","    String.prototype.__defineGetter__(method, func);","  }","","  var stringPrototypeBlacklist = [","    '__defineGetter__', '__defineSetter__', '__lookupGetter__', '__lookupSetter__', 'charAt', 'constructor',","    'hasOwnProperty', 'isPrototypeOf', 'propertyIsEnumerable', 'toLocaleString', 'toString', 'valueOf', 'charCodeAt',","    'indexOf', 'lastIndexof', 'length', 'localeCompare', 'match', 'replace', 'search', 'slice', 'split', 'substring',","    'toLocaleLowerCase', 'toLocaleUpperCase', 'toLowerCase', 'toUpperCase', 'trim', 'trimLeft', 'trimRight', 'gsub'","  ];","","  Object.keys(obj).forEach(function (key) {","    if (key != 'inflect' && key != 'inflections') {","      if (stringPrototypeBlacklist.indexOf(key) !== -1) {","        console.log('warn: You should not override String.prototype.' + key);","      } else {","        addProperty(key, function () {","          return obj[key](this);","        });","      }","    }","  });","","}",""],"l":{"1":1,"3":0,"4":0,"7":0,"14":0,"15":0,"16":0,"17":0,"19":0,"20":0}}}